2025-12-24T04:16:00.000000000Z [inf]  Starting Container
2025-12-24T04:16:02.510647225Z [inf]  Column users.nickname check: OK
2025-12-24T04:16:02.510666149Z [inf]  Column users.last_login_at check: OK
2025-12-24T04:16:02.510675773Z [inf]  Column users.last_active_at check: OK
2025-12-24T04:16:02.510683940Z [inf]  system_settings check: OK
2025-12-24T04:16:02.510691819Z [err]  INFO:     Application startup complete.
2025-12-24T04:16:02.510704207Z [err]  INFO:     Uvicorn running on http://0.0.0.0:8080 (Press CTRL+C to quit)
2025-12-24T04:16:02.510726579Z [inf]  INFO:     100.64.0.2:33743 - "GET / HTTP/1.1" 200 OK
2025-12-24T04:16:02.510819703Z [err]  INFO:     Started server process [1]
2025-12-24T04:16:02.510824532Z [err]  INFO:     Waiting for application startup.
2025-12-24T04:16:02.510829231Z [inf]  Column order_items.size check: OK
2025-12-24T04:16:02.510835242Z [inf]  Column order_items.created_at check: OK
2025-12-24T04:16:02.510840280Z [inf]  Column menu_items.price_l check: OK
2025-12-24T04:16:02.510847648Z [inf]  Column stores.phone check: OK
2025-12-24T04:16:02.510853296Z [inf]  Column stores.branch check: OK
2025-12-24T04:16:02.510859212Z [inf]  Column groups.branch_id check: OK
2025-12-24T04:16:02.510865428Z [inf]  Column groups.note check: OK
2025-12-24T04:17:02.685401812Z [inf]  INFO:     100.64.0.3:12046 - "GET / HTTP/1.1" 302 Found
2025-12-24T04:17:02.685584280Z [inf]  INFO:     100.64.0.3:12046 - "GET /home HTTP/1.1" 500 Internal Server Error
2025-12-24T04:17:02.685590504Z [err]  ERROR:    Exception in ASGI application
2025-12-24T04:17:02.685595847Z [err]  Traceback (most recent call last):
2025-12-24T04:17:02.685603293Z [err]    File "/opt/venv/lib/python3.12/site-packages/sqlalchemy/engine/base.py", line 1967, in _exec_single_context
2025-12-24T04:17:02.685610562Z [err]      self.dialect.do_execute(
2025-12-24T04:17:02.685618658Z [err]    File "/opt/venv/lib/python3.12/site-packages/sqlalchemy/engine/default.py", line 952, in do_execute
2025-12-24T04:17:02.685625420Z [err]      cursor.execute(statement, parameters)
2025-12-24T04:17:02.685632611Z [err]  psycopg2.errors.InvalidTextRepresentation: invalid input value for enum categorytype: "GROUP_BUY"
2025-12-24T04:17:02.685638420Z [err]  LINE 3: WHERE groups.category = 'GROUP_BUY' AND groups.is_closed = f...
2025-12-24T04:17:02.685646150Z [err]                                  ^
2025-12-24T04:17:02.685652734Z [err]  
2025-12-24T04:17:02.685658578Z [err]  
2025-12-24T04:17:02.685665756Z [err]  The above exception was the direct cause of the following exception:
2025-12-24T04:17:02.685671653Z [err]  
2025-12-24T04:17:02.685677284Z [err]  Traceback (most recent call last):
2025-12-24T04:17:02.685707555Z [err]    File "/opt/venv/lib/python3.12/site-packages/uvicorn/protocols/http/httptools_impl.py", line 416, in run_asgi
2025-12-24T04:17:02.685716490Z [err]      result = await app(  # type: ignore[func-returns-value]
2025-12-24T04:17:02.685724633Z [err]               ^^^^^^^^^^^^^^^^^^^^^^^^^^^^^^^^^^^^^^^^^^^^^^
2025-12-24T04:17:02.685732251Z [err]    File "/opt/venv/lib/python3.12/site-packages/uvicorn/middleware/proxy_headers.py", line 60, in __call__
2025-12-24T04:17:02.685740125Z [err]      return await self.app(scope, receive, send)
2025-12-24T04:17:02.688546214Z [err]             ^^^^^^^^^^^^^^^^^^^^^^^^^^^^^^^^^^^^
2025-12-24T04:17:02.688552443Z [err]    File "/opt/venv/lib/python3.12/site-packages/fastapi/applications.py", line 1135, in __call__
2025-12-24T04:17:02.688558806Z [err]      await super().__call__(scope, receive, send)
2025-12-24T04:17:02.688564689Z [err]    File "/opt/venv/lib/python3.12/site-packages/starlette/applications.py", line 107, in __call__
2025-12-24T04:17:02.688571276Z [err]      await self.middleware_stack(scope, receive, send)
2025-12-24T04:17:02.688579247Z [err]    File "/opt/venv/lib/python3.12/site-packages/starlette/middleware/errors.py", line 186, in __call__
2025-12-24T04:17:02.688585977Z [err]      raise exc
2025-12-24T04:17:02.688592377Z [err]    File "/opt/venv/lib/python3.12/site-packages/starlette/middleware/errors.py", line 164, in __call__
2025-12-24T04:17:02.688599264Z [err]      await self.app(scope, receive, _send)
2025-12-24T04:17:02.688605631Z [err]    File "/opt/venv/lib/python3.12/site-packages/starlette/middleware/exceptions.py", line 63, in __call__
2025-12-24T04:17:02.688613862Z [err]      await wrap_app_handling_exceptions(self.app, conn)(scope, receive, send)
2025-12-24T04:17:02.688619149Z [err]    File "/opt/venv/lib/python3.12/site-packages/starlette/_exception_handler.py", line 53, in wrapped_app
2025-12-24T04:17:02.688626073Z [err]      raise exc
2025-12-24T04:17:02.688631394Z [err]    File "/opt/venv/lib/python3.12/site-packages/starlette/_exception_handler.py", line 42, in wrapped_app
2025-12-24T04:17:02.688636346Z [err]      await app(scope, receive, sender)
2025-12-24T04:17:02.688641697Z [err]    File "/opt/venv/lib/python3.12/site-packages/fastapi/middleware/asyncexitstack.py", line 18, in __call__
2025-12-24T04:17:02.688646785Z [err]      await self.app(scope, receive, send)
2025-12-24T04:17:02.688651585Z [err]    File "/opt/venv/lib/python3.12/site-packages/starlette/routing.py", line 716, in __call__
2025-12-24T04:17:02.689719159Z [err]      await self.middleware_stack(scope, receive, send)
2025-12-24T04:17:02.689727826Z [err]    File "/opt/venv/lib/python3.12/site-packages/starlette/routing.py", line 736, in app
2025-12-24T04:17:02.689735325Z [err]      await route.handle(scope, receive, send)
2025-12-24T04:17:02.689741388Z [err]    File "/opt/venv/lib/python3.12/site-packages/starlette/routing.py", line 290, in handle
2025-12-24T04:17:02.689747854Z [err]      await self.app(scope, receive, send)
2025-12-24T04:17:02.689753794Z [err]    File "/opt/venv/lib/python3.12/site-packages/fastapi/routing.py", line 119, in app
2025-12-24T04:17:02.689759263Z [err]      await wrap_app_handling_exceptions(app, request)(scope, receive, send)
2025-12-24T04:17:02.689765823Z [err]    File "/opt/venv/lib/python3.12/site-packages/starlette/_exception_handler.py", line 53, in wrapped_app
2025-12-24T04:17:02.689772676Z [err]      raise exc
2025-12-24T04:17:02.689778101Z [err]    File "/opt/venv/lib/python3.12/site-packages/starlette/_exception_handler.py", line 42, in wrapped_app
2025-12-24T04:17:02.689783364Z [err]      await app(scope, receive, sender)
2025-12-24T04:17:02.689789328Z [err]    File "/opt/venv/lib/python3.12/site-packages/fastapi/routing.py", line 105, in app
2025-12-24T04:17:02.689796180Z [err]      response = await f(request)
2025-12-24T04:17:02.689803623Z [err]                 ^^^^^^^^^^^^^^^^
2025-12-24T04:17:02.689810914Z [err]    File "/opt/venv/lib/python3.12/site-packages/fastapi/routing.py", line 426, in app
2025-12-24T04:17:02.689816752Z [err]      raw_response = await run_endpoint_function(
2025-12-24T04:17:02.689823396Z [err]                     ^^^^^^^^^^^^^^^^^^^^^^^^^^^^
2025-12-24T04:17:02.689833066Z [err]    File "/opt/venv/lib/python3.12/site-packages/fastapi/routing.py", line 312, in run_endpoint_function
2025-12-24T04:17:02.689839453Z [err]      return await dependant.call(**values)
2025-12-24T04:17:02.692567549Z [err]             ^^^^^^^^^^^^^^^^^^^^^^^^^^^^^^
2025-12-24T04:17:02.692580661Z [err]    File "/app/app/routers/home.py", line 56, in home
2025-12-24T04:17:02.692589149Z [err]      ).order_by(Group.deadline.asc()).all()
2025-12-24T04:17:02.692590572Z [err]    File "/opt/venv/lib/python3.12/site-packages/sqlalchemy/orm/session.py", line 2351, in execute
2025-12-24T04:17:02.692601740Z [err]      return self._execute_internal(
2025-12-24T04:17:02.692609463Z [err]             ^^^^^^^^^^^^^^^^^^^^^^^
2025-12-24T04:17:02.692618802Z [err]    File "/opt/venv/lib/python3.12/site-packages/sqlalchemy/orm/session.py", line 2249, in _execute_internal
2025-12-24T04:17:02.692622091Z [err]                                       ^^^^^
2025-12-24T04:17:02.692630876Z [err]      result: Result[Any] = compile_state_cls.orm_execute_statement(
2025-12-24T04:17:02.692631605Z [err]    File "/opt/venv/lib/python3.12/site-packages/sqlalchemy/orm/query.py", line 2704, in all
2025-12-24T04:17:02.692642538Z [err]      return self._iter().all()  # type: ignore
2025-12-24T04:17:02.692647100Z [err]                            ^^^^^^^^^^^^^^^^^^^^^^^^^^^^^^^^^^^^^^^^
2025-12-24T04:17:02.692654244Z [err]             ^^^^^^^^^^^^
2025-12-24T04:17:02.692660055Z [err]    File "/opt/venv/lib/python3.12/site-packages/sqlalchemy/orm/context.py", line 306, in orm_execute_statement
2025-12-24T04:17:02.692664578Z [err]    File "/opt/venv/lib/python3.12/site-packages/sqlalchemy/orm/query.py", line 2857, in _iter
2025-12-24T04:17:02.692673085Z [err]      result: Union[ScalarResult[_T], Result[_T]] = self.session.execute(
2025-12-24T04:17:02.692678512Z [err]      result = conn.execute(
2025-12-24T04:17:02.692679875Z [err]                                                    ^^^^^^^^^^^^^^^^^^^^^
2025-12-24T04:17:02.692694454Z [err]               ^^^^^^^^^^^^^
2025-12-24T04:17:02.692704549Z [err]    File "/opt/venv/lib/python3.12/site-packages/sqlalchemy/engine/base.py", line 1419, in execute
2025-12-24T04:17:02.695673309Z [err]             ^^^^^^^^^^^^^^^^^^^^^^^^^^
2025-12-24T04:17:02.695689577Z [err]    File "/opt/venv/lib/python3.12/site-packages/sqlalchemy/engine/base.py", line 1986, in _exec_single_context
2025-12-24T04:17:02.695692615Z [err]      return meth(
2025-12-24T04:17:02.695700892Z [err]      self._handle_dbapi_exception(
2025-12-24T04:17:02.695705776Z [err]             ^^^^^
2025-12-24T04:17:02.695715888Z [err]    File "/opt/venv/lib/python3.12/site-packages/sqlalchemy/engine/base.py", line 2363, in _handle_dbapi_exception
2025-12-24T04:17:02.695718738Z [err]    File "/opt/venv/lib/python3.12/site-packages/sqlalchemy/sql/elements.py", line 527, in _execute_on_connection
2025-12-24T04:17:02.695723439Z [err]      raise sqlalchemy_exception.with_traceback(exc_info[2]) from e
2025-12-24T04:17:02.695731435Z [err]    File "/opt/venv/lib/python3.12/site-packages/sqlalchemy/engine/base.py", line 1967, in _exec_single_context
2025-12-24T04:17:02.695734716Z [err]      return connection._execute_clauseelement(
2025-12-24T04:17:02.695740109Z [err]      self.dialect.do_execute(
2025-12-24T04:17:02.695745404Z [err]             ^^^^^^^^^^^^^^^^^^^^^^^^^^^^^^^^^^
2025-12-24T04:17:02.695751675Z [err]    File "/opt/venv/lib/python3.12/site-packages/sqlalchemy/engine/default.py", line 952, in do_execute
2025-12-24T04:17:02.695757452Z [err]    File "/opt/venv/lib/python3.12/site-packages/sqlalchemy/engine/base.py", line 1641, in _execute_clauseelement
2025-12-24T04:17:02.695762579Z [err]      cursor.execute(statement, parameters)
2025-12-24T04:17:02.695770755Z [err]      ret = self._execute_context(
2025-12-24T04:17:02.695771293Z [err]  sqlalchemy.exc.DataError: (psycopg2.errors.InvalidTextRepresentation) invalid input value for enum categorytype: "GROUP_BUY"
2025-12-24T04:17:02.695781207Z [err]            ^^^^^^^^^^^^^^^^^^^^^^
2025-12-24T04:17:02.695791362Z [err]    File "/opt/venv/lib/python3.12/site-packages/sqlalchemy/engine/base.py", line 1846, in _execute_context
2025-12-24T04:17:02.695800626Z [err]      return self._exec_single_context(
2025-12-24T04:17:02.697965073Z [err]  LINE 3: WHERE groups.category = 'GROUP_BUY' AND groups.is_closed = f...
2025-12-24T04:17:02.697971978Z [err]                                  ^
2025-12-24T04:17:02.697980705Z [err]  
2025-12-24T04:17:02.697988103Z [err]  [SQL: SELECT groups.id AS groups_id, groups.store_id AS groups_store_id, groups.menu_id AS groups_menu_id, groups.owner_id AS groups_owner_id, groups.branch_id AS groups_branch_id, groups.name AS groups_name, groups.note AS groups_note, groups.category AS groups_category, groups.deadline AS groups_deadline, groups.is_closed AS groups_is_closed, groups.default_sugar AS groups_default_sugar, groups.default_ice AS groups_default_ice, groups.lock_sugar AS groups_lock_sugar, groups.lock_ice AS groups_lock_ice, groups.created_at AS groups_created_at, stores_1.id AS stores_1_id, stores_1.name AS stores_1_name, stores_1.category AS stores_1_category, stores_1.logo_url AS stores_1_logo_url, stores_1.phone AS stores_1_phone, stores_1.branch AS stores_1_branch, stores_1.is_active AS stores_1_is_active, stores_1.created_at AS stores_1_created_at, users_1.id AS users_1_id, users_1.line_user_id AS users_1_line_user_id, users_1.display_name AS users_1_display_name, users_1.nickname AS users_1_nickname, users_1.picture_url AS users_1_picture_url, users_1.is_admin AS users_1_is_admin, users_1.created_at AS users_1_created_at, users_1.last_login_at AS users_1_last_login_at, users_1.last_active_at AS users_1_last_active_at, orders_1.id AS orders_1_id, orders_1.group_id AS orders_1_group_id, orders_1.user_id AS orders_1_user_id, orders_1.status AS orders_1_status, orders_1.snapshot AS orders_1_snapshot, orders_1.created_at AS orders_1_created_at, orders_1.updated_at AS orders_1_updated_at 
2025-12-24T04:17:02.698005743Z [err]  FROM groups LEFT OUTER JOIN stores AS stores_1 ON stores_1.id = groups.store_id LEFT OUTER JOIN users AS users_1 ON users_1.id = groups.owner_id LEFT OUTER JOIN orders AS orders_1 ON groups.id = orders_1.group_id 
2025-12-24T04:17:02.698013063Z [err]  WHERE groups.category = %(category_1)s AND groups.is_closed = false AND groups.deadline > %(deadline_1)s ORDER BY groups.deadline ASC]
2025-12-24T04:17:02.699779470Z [err]  [parameters: {'category_1': 'GROUP_BUY', 'deadline_1': datetime.datetime(2025, 12, 24, 4, 16, 59, 597825)}]
2025-12-24T04:17:02.699786298Z [err]  (Background on this error at: https://sqlalche.me/e/20/9h9h)
2025-12-24T04:17:21.987483349Z [inf]  INFO:     100.64.0.3:21160 - "GET / HTTP/1.1" 302 Found
2025-12-24T04:17:21.987490381Z [inf]  INFO:     100.64.0.3:21160 - "GET /home HTTP/1.1" 500 Internal Server Error
2025-12-24T04:17:21.987494723Z [err]    File "/opt/venv/lib/python3.12/site-packages/uvicorn/protocols/http/httptools_impl.py", line 416, in run_asgi
2025-12-24T04:17:21.987500511Z [err]  ERROR:    Exception in ASGI application
2025-12-24T04:17:21.987508778Z [err]  Traceback (most recent call last):
2025-12-24T04:17:21.987509082Z [err]      result = await app(  # type: ignore[func-returns-value]
2025-12-24T04:17:21.987517752Z [err]    File "/opt/venv/lib/python3.12/site-packages/sqlalchemy/engine/base.py", line 1967, in _exec_single_context
2025-12-24T04:17:21.987525119Z [err]      self.dialect.do_execute(
2025-12-24T04:17:21.987531121Z [err]    File "/opt/venv/lib/python3.12/site-packages/sqlalchemy/engine/default.py", line 952, in do_execute
2025-12-24T04:17:21.987542701Z [err]      cursor.execute(statement, parameters)
2025-12-24T04:17:21.987548786Z [err]  psycopg2.errors.InvalidTextRepresentation: invalid input value for enum categorytype: "GROUP_BUY"
2025-12-24T04:17:21.987555116Z [err]  LINE 3: WHERE groups.category = 'GROUP_BUY' AND groups.is_closed = f...
2025-12-24T04:17:21.987561210Z [err]                                  ^
2025-12-24T04:17:21.987567217Z [err]  
2025-12-24T04:17:21.987577272Z [err]  
2025-12-24T04:17:21.987582864Z [err]  The above exception was the direct cause of the following exception:
2025-12-24T04:17:21.987588549Z [err]  
2025-12-24T04:17:21.987595207Z [err]  Traceback (most recent call last):
2025-12-24T04:17:21.987649021Z [err]               ^^^^^^^^^^^^^^^^^^^^^^^^^^^^^^^^^^^^^^^^^^^^^^
2025-12-24T04:17:21.987658701Z [err]    File "/opt/venv/lib/python3.12/site-packages/uvicorn/middleware/proxy_headers.py", line 60, in __call__
2025-12-24T04:17:21.987664173Z [err]      return await self.app(scope, receive, send)
2025-12-24T04:17:21.989696343Z [err]    File "/opt/venv/lib/python3.12/site-packages/starlette/_exception_handler.py", line 42, in wrapped_app
2025-12-24T04:17:21.989708703Z [err]      await app(scope, receive, sender)
2025-12-24T04:17:21.989716312Z [err]    File "/opt/venv/lib/python3.12/site-packages/fastapi/middleware/asyncexitstack.py", line 18, in __call__
2025-12-24T04:17:21.989720922Z [err]             ^^^^^^^^^^^^^^^^^^^^^^^^^^^^^^^^^^^^
2025-12-24T04:17:21.989724936Z [err]      await self.app(scope, receive, send)
2025-12-24T04:17:21.989729237Z [err]    File "/opt/venv/lib/python3.12/site-packages/fastapi/applications.py", line 1135, in __call__
2025-12-24T04:17:21.989732778Z [err]    File "/opt/venv/lib/python3.12/site-packages/starlette/routing.py", line 716, in __call__
2025-12-24T04:17:21.989736645Z [err]      await super().__call__(scope, receive, send)
2025-12-24T04:17:21.989742658Z [err]    File "/opt/venv/lib/python3.12/site-packages/starlette/applications.py", line 107, in __call__
2025-12-24T04:17:21.989748339Z [err]      await self.middleware_stack(scope, receive, send)
2025-12-24T04:17:21.989754595Z [err]    File "/opt/venv/lib/python3.12/site-packages/starlette/middleware/errors.py", line 186, in __call__
2025-12-24T04:17:21.989761008Z [err]      raise exc
2025-12-24T04:17:21.989767793Z [err]    File "/opt/venv/lib/python3.12/site-packages/starlette/middleware/errors.py", line 164, in __call__
2025-12-24T04:17:21.989774050Z [err]      await self.app(scope, receive, _send)
2025-12-24T04:17:21.989779702Z [err]    File "/opt/venv/lib/python3.12/site-packages/starlette/middleware/exceptions.py", line 63, in __call__
2025-12-24T04:17:21.989785841Z [err]      await wrap_app_handling_exceptions(self.app, conn)(scope, receive, send)
2025-12-24T04:17:21.989791476Z [err]    File "/opt/venv/lib/python3.12/site-packages/starlette/_exception_handler.py", line 53, in wrapped_app
2025-12-24T04:17:21.989797178Z [err]      raise exc
2025-12-24T04:17:21.992138240Z [err]      await self.middleware_stack(scope, receive, send)
2025-12-24T04:17:21.992140125Z [err]    File "/opt/venv/lib/python3.12/site-packages/fastapi/routing.py", line 105, in app
2025-12-24T04:17:21.992148077Z [err]    File "/opt/venv/lib/python3.12/site-packages/starlette/routing.py", line 736, in app
2025-12-24T04:17:21.992152385Z [err]      response = await f(request)
2025-12-24T04:17:21.992156345Z [err]      await route.handle(scope, receive, send)
2025-12-24T04:17:21.992161626Z [err]                 ^^^^^^^^^^^^^^^^
2025-12-24T04:17:21.992164220Z [err]    File "/opt/venv/lib/python3.12/site-packages/starlette/routing.py", line 290, in handle
2025-12-24T04:17:21.992169373Z [err]    File "/opt/venv/lib/python3.12/site-packages/fastapi/routing.py", line 426, in app
2025-12-24T04:17:21.992171417Z [err]      await self.app(scope, receive, send)
2025-12-24T04:17:21.992178597Z [err]    File "/opt/venv/lib/python3.12/site-packages/fastapi/routing.py", line 119, in app
2025-12-24T04:17:21.992182671Z [err]      raw_response = await run_endpoint_function(
2025-12-24T04:17:21.992184837Z [err]      await wrap_app_handling_exceptions(app, request)(scope, receive, send)
2025-12-24T04:17:21.992191466Z [err]    File "/opt/venv/lib/python3.12/site-packages/starlette/_exception_handler.py", line 53, in wrapped_app
2025-12-24T04:17:21.992192644Z [err]                     ^^^^^^^^^^^^^^^^^^^^^^^^^^^^
2025-12-24T04:17:21.992198560Z [err]      raise exc
2025-12-24T04:17:21.992200985Z [err]    File "/opt/venv/lib/python3.12/site-packages/fastapi/routing.py", line 312, in run_endpoint_function
2025-12-24T04:17:21.992210569Z [err]    File "/opt/venv/lib/python3.12/site-packages/starlette/_exception_handler.py", line 42, in wrapped_app
2025-12-24T04:17:21.992211026Z [err]      return await dependant.call(**values)
2025-12-24T04:17:21.992215045Z [err]      await app(scope, receive, sender)
2025-12-24T04:17:21.995102479Z [err]             ^^^^^^^^^^^^^^^^^^^^^^^^^^^^^^
2025-12-24T04:17:21.995103746Z [err]             ^^^^^^^^^^^^^^^^^^^^^^^
2025-12-24T04:17:21.995112229Z [err]    File "/app/app/routers/home.py", line 56, in home
2025-12-24T04:17:21.995114382Z [err]    File "/opt/venv/lib/python3.12/site-packages/sqlalchemy/orm/session.py", line 2249, in _execute_internal
2025-12-24T04:17:21.995120735Z [err]      ).order_by(Group.deadline.asc()).all()
2025-12-24T04:17:21.995121574Z [err]      result: Result[Any] = compile_state_cls.orm_execute_statement(
2025-12-24T04:17:21.995127294Z [err]                            ^^^^^^^^^^^^^^^^^^^^^^^^^^^^^^^^^^^^^^^^
2025-12-24T04:17:21.995128973Z [err]                                       ^^^^^
2025-12-24T04:17:21.995133198Z [err]    File "/opt/venv/lib/python3.12/site-packages/sqlalchemy/orm/context.py", line 306, in orm_execute_statement
2025-12-24T04:17:21.995136887Z [err]    File "/opt/venv/lib/python3.12/site-packages/sqlalchemy/orm/query.py", line 2704, in all
2025-12-24T04:17:21.995139798Z [err]      result = conn.execute(
2025-12-24T04:17:21.995144526Z [err]      return self._iter().all()  # type: ignore
2025-12-24T04:17:21.995147503Z [err]               ^^^^^^^^^^^^^
2025-12-24T04:17:21.995152679Z [err]             ^^^^^^^^^^^^
2025-12-24T04:17:21.995153138Z [err]    File "/opt/venv/lib/python3.12/site-packages/sqlalchemy/engine/base.py", line 1419, in execute
2025-12-24T04:17:21.995159653Z [err]    File "/opt/venv/lib/python3.12/site-packages/sqlalchemy/orm/query.py", line 2857, in _iter
2025-12-24T04:17:21.995165580Z [err]      result: Union[ScalarResult[_T], Result[_T]] = self.session.execute(
2025-12-24T04:17:21.995172350Z [err]                                                    ^^^^^^^^^^^^^^^^^^^^^
2025-12-24T04:17:21.995179767Z [err]    File "/opt/venv/lib/python3.12/site-packages/sqlalchemy/orm/session.py", line 2351, in execute
2025-12-24T04:17:21.995185276Z [err]      return self._execute_internal(
2025-12-24T04:17:21.996876754Z [err]      cursor.execute(statement, parameters)
2025-12-24T04:17:21.996884160Z [err]  sqlalchemy.exc.DataError: (psycopg2.errors.InvalidTextRepresentation) invalid input value for enum categorytype: "GROUP_BUY"
2025-12-24T04:17:21.996894798Z [err]      return meth(
2025-12-24T04:17:21.996899894Z [err]             ^^^^^
2025-12-24T04:17:21.996906091Z [err]    File "/opt/venv/lib/python3.12/site-packages/sqlalchemy/sql/elements.py", line 527, in _execute_on_connection
2025-12-24T04:17:21.996910572Z [err]      return connection._execute_clauseelement(
2025-12-24T04:17:21.996914698Z [err]             ^^^^^^^^^^^^^^^^^^^^^^^^^^^^^^^^^^
2025-12-24T04:17:21.996920417Z [err]    File "/opt/venv/lib/python3.12/site-packages/sqlalchemy/engine/base.py", line 1641, in _execute_clauseelement
2025-12-24T04:17:21.996925446Z [err]      ret = self._execute_context(
2025-12-24T04:17:21.996931084Z [err]            ^^^^^^^^^^^^^^^^^^^^^^
2025-12-24T04:17:21.996936073Z [err]    File "/opt/venv/lib/python3.12/site-packages/sqlalchemy/engine/base.py", line 1846, in _execute_context
2025-12-24T04:17:21.996941255Z [err]      return self._exec_single_context(
2025-12-24T04:17:21.996946853Z [err]             ^^^^^^^^^^^^^^^^^^^^^^^^^^
2025-12-24T04:17:21.996950988Z [err]    File "/opt/venv/lib/python3.12/site-packages/sqlalchemy/engine/base.py", line 1986, in _exec_single_context
2025-12-24T04:17:21.996956444Z [err]      self._handle_dbapi_exception(
2025-12-24T04:17:21.996962542Z [err]    File "/opt/venv/lib/python3.12/site-packages/sqlalchemy/engine/base.py", line 2363, in _handle_dbapi_exception
2025-12-24T04:17:21.996968387Z [err]      raise sqlalchemy_exception.with_traceback(exc_info[2]) from e
2025-12-24T04:17:21.996972798Z [err]    File "/opt/venv/lib/python3.12/site-packages/sqlalchemy/engine/base.py", line 1967, in _exec_single_context
2025-12-24T04:17:21.996978928Z [err]      self.dialect.do_execute(
2025-12-24T04:17:21.996984392Z [err]    File "/opt/venv/lib/python3.12/site-packages/sqlalchemy/engine/default.py", line 952, in do_execute
2025-12-24T04:17:22.000956452Z [err]  LINE 3: WHERE groups.category = 'GROUP_BUY' AND groups.is_closed = f...
2025-12-24T04:17:22.000967572Z [err]                                  ^
2025-12-24T04:17:22.000974562Z [err]  
2025-12-24T04:17:22.000983748Z [err]  [SQL: SELECT groups.id AS groups_id, groups.store_id AS groups_store_id, groups.menu_id AS groups_menu_id, groups.owner_id AS groups_owner_id, groups.branch_id AS groups_branch_id, groups.name AS groups_name, groups.note AS groups_note, groups.category AS groups_category, groups.deadline AS groups_deadline, groups.is_closed AS groups_is_closed, groups.default_sugar AS groups_default_sugar, groups.default_ice AS groups_default_ice, groups.lock_sugar AS groups_lock_sugar, groups.lock_ice AS groups_lock_ice, groups.created_at AS groups_created_at, stores_1.id AS stores_1_id, stores_1.name AS stores_1_name, stores_1.category AS stores_1_category, stores_1.logo_url AS stores_1_logo_url, stores_1.phone AS stores_1_phone, stores_1.branch AS stores_1_branch, stores_1.is_active AS stores_1_is_active, stores_1.created_at AS stores_1_created_at, users_1.id AS users_1_id, users_1.line_user_id AS users_1_line_user_id, users_1.display_name AS users_1_display_name, users_1.nickname AS users_1_nickname, users_1.picture_url AS users_1_picture_url, users_1.is_admin AS users_1_is_admin, users_1.created_at AS users_1_created_at, users_1.last_login_at AS users_1_last_login_at, users_1.last_active_at AS users_1_last_active_at, orders_1.id AS orders_1_id, orders_1.group_id AS orders_1_group_id, orders_1.user_id AS orders_1_user_id, orders_1.status AS orders_1_status, orders_1.snapshot AS orders_1_snapshot, orders_1.created_at AS orders_1_created_at, orders_1.updated_at AS orders_1_updated_at 
2025-12-24T04:17:22.000989363Z [err]  FROM groups LEFT OUTER JOIN stores AS stores_1 ON stores_1.id = groups.store_id LEFT OUTER JOIN users AS users_1 ON users_1.id = groups.owner_id LEFT OUTER JOIN orders AS orders_1 ON groups.id = orders_1.group_id 
2025-12-24T04:17:22.000994220Z [err]  WHERE groups.category = %(category_1)s AND groups.is_closed = false AND groups.deadline > %(deadline_1)s ORDER BY groups.deadline ASC]
2025-12-24T04:17:22.003492125Z [err]  [parameters: {'category_1': 'GROUP_BUY', 'deadline_1': datetime.datetime(2025, 12, 24, 4, 17, 15, 902227)}]
2025-12-24T04:17:22.003507297Z [err]  (Background on this error at: https://sqlalche.me/e/20/9h9h)
2025-12-24T04:17:42.005185505Z [err]               ^^^^^^^^^^^^^^^^^^^^^^^^^^^^^^^^^^^^^^^^^^^^^^
2025-12-24T04:17:42.005199002Z [inf]  INFO:     100.64.0.3:26498 - "GET / HTTP/1.1" 302 Found
2025-12-24T04:17:42.005202651Z [err]    File "/opt/venv/lib/python3.12/site-packages/uvicorn/middleware/proxy_headers.py", line 60, in __call__
2025-12-24T04:17:42.005215053Z [inf]  INFO:     100.64.0.3:26498 - "GET /home HTTP/1.1" 500 Internal Server Error
2025-12-24T04:17:42.005224199Z [err]      return await self.app(scope, receive, send)
2025-12-24T04:17:42.005224439Z [err]  ERROR:    Exception in ASGI application
2025-12-24T04:17:42.005237259Z [err]  Traceback (most recent call last):
2025-12-24T04:17:42.005244714Z [err]    File "/opt/venv/lib/python3.12/site-packages/sqlalchemy/engine/base.py", line 1967, in _exec_single_context
2025-12-24T04:17:42.005253332Z [err]      self.dialect.do_execute(
2025-12-24T04:17:42.005260706Z [err]    File "/opt/venv/lib/python3.12/site-packages/sqlalchemy/engine/default.py", line 952, in do_execute
2025-12-24T04:17:42.005267821Z [err]      cursor.execute(statement, parameters)
2025-12-24T04:17:42.005275478Z [err]  psycopg2.errors.InvalidTextRepresentation: invalid input value for enum categorytype: "GROUP_BUY"
2025-12-24T04:17:42.005283072Z [err]  LINE 3: WHERE groups.category = 'GROUP_BUY' AND groups.is_closed = f...
2025-12-24T04:17:42.005290221Z [err]                                  ^
2025-12-24T04:17:42.005298162Z [err]  
2025-12-24T04:17:42.005304838Z [err]  
2025-12-24T04:17:42.005314135Z [err]  The above exception was the direct cause of the following exception:
2025-12-24T04:17:42.005322211Z [err]  
2025-12-24T04:17:42.005330993Z [err]  Traceback (most recent call last):
2025-12-24T04:17:42.005337235Z [err]    File "/opt/venv/lib/python3.12/site-packages/uvicorn/protocols/http/httptools_impl.py", line 416, in run_asgi
2025-12-24T04:17:42.005347049Z [err]      result = await app(  # type: ignore[func-returns-value]
2025-12-24T04:17:42.007465240Z [err]      await app(scope, receive, sender)
2025-12-24T04:17:42.007478053Z [err]    File "/opt/venv/lib/python3.12/site-packages/fastapi/middleware/asyncexitstack.py", line 18, in __call__
2025-12-24T04:17:42.007485482Z [err]      await self.app(scope, receive, send)
2025-12-24T04:17:42.007497905Z [err]    File "/opt/venv/lib/python3.12/site-packages/starlette/routing.py", line 716, in __call__
2025-12-24T04:17:42.007545487Z [err]             ^^^^^^^^^^^^^^^^^^^^^^^^^^^^^^^^^^^^
2025-12-24T04:17:42.007552703Z [err]    File "/opt/venv/lib/python3.12/site-packages/fastapi/applications.py", line 1135, in __call__
2025-12-24T04:17:42.007560239Z [err]      await super().__call__(scope, receive, send)
2025-12-24T04:17:42.007568799Z [err]    File "/opt/venv/lib/python3.12/site-packages/starlette/applications.py", line 107, in __call__
2025-12-24T04:17:42.007578875Z [err]      await self.middleware_stack(scope, receive, send)
2025-12-24T04:17:42.007586047Z [err]    File "/opt/venv/lib/python3.12/site-packages/starlette/middleware/errors.py", line 186, in __call__
2025-12-24T04:17:42.007593206Z [err]      raise exc
2025-12-24T04:17:42.007599932Z [err]    File "/opt/venv/lib/python3.12/site-packages/starlette/middleware/errors.py", line 164, in __call__
2025-12-24T04:17:42.007606312Z [err]      await self.app(scope, receive, _send)
2025-12-24T04:17:42.007613462Z [err]    File "/opt/venv/lib/python3.12/site-packages/starlette/middleware/exceptions.py", line 63, in __call__
2025-12-24T04:17:42.007619368Z [err]      await wrap_app_handling_exceptions(self.app, conn)(scope, receive, send)
2025-12-24T04:17:42.007625335Z [err]    File "/opt/venv/lib/python3.12/site-packages/starlette/_exception_handler.py", line 53, in wrapped_app
2025-12-24T04:17:42.007631350Z [err]      raise exc
2025-12-24T04:17:42.007684708Z [err]    File "/opt/venv/lib/python3.12/site-packages/starlette/_exception_handler.py", line 42, in wrapped_app
2025-12-24T04:17:42.008990227Z [err]      return await dependant.call(**values)
2025-12-24T04:17:42.008995946Z [err]    File "/opt/venv/lib/python3.12/site-packages/fastapi/routing.py", line 119, in app
2025-12-24T04:17:42.009112621Z [err]      await self.middleware_stack(scope, receive, send)
2025-12-24T04:17:42.009121131Z [err]      await wrap_app_handling_exceptions(app, request)(scope, receive, send)
2025-12-24T04:17:42.009134423Z [err]    File "/opt/venv/lib/python3.12/site-packages/starlette/routing.py", line 736, in app
2025-12-24T04:17:42.009143693Z [err]                 ^^^^^^^^^^^^^^^^
2025-12-24T04:17:42.009145439Z [err]    File "/opt/venv/lib/python3.12/site-packages/starlette/_exception_handler.py", line 53, in wrapped_app
2025-12-24T04:17:42.009150445Z [err]      await route.handle(scope, receive, send)
2025-12-24T04:17:42.009161360Z [err]      raise exc
2025-12-24T04:17:42.009164710Z [err]    File "/opt/venv/lib/python3.12/site-packages/fastapi/routing.py", line 426, in app
2025-12-24T04:17:42.009166177Z [err]    File "/opt/venv/lib/python3.12/site-packages/starlette/routing.py", line 290, in handle
2025-12-24T04:17:42.009179029Z [err]    File "/opt/venv/lib/python3.12/site-packages/starlette/_exception_handler.py", line 42, in wrapped_app
2025-12-24T04:17:42.009181090Z [err]      raw_response = await run_endpoint_function(
2025-12-24T04:17:42.009190039Z [err]      await self.app(scope, receive, send)
2025-12-24T04:17:42.009193571Z [err]      await app(scope, receive, sender)
2025-12-24T04:17:42.009198227Z [err]                     ^^^^^^^^^^^^^^^^^^^^^^^^^^^^
2025-12-24T04:17:42.009204879Z [err]    File "/opt/venv/lib/python3.12/site-packages/fastapi/routing.py", line 105, in app
2025-12-24T04:17:42.009216489Z [err]    File "/opt/venv/lib/python3.12/site-packages/fastapi/routing.py", line 312, in run_endpoint_function
2025-12-24T04:17:42.009216609Z [err]      response = await f(request)
2025-12-24T04:17:42.012614831Z [err]             ^^^^^^^^^^^^^^^^^^^^^^^^^^^^^^
2025-12-24T04:17:42.012631987Z [err]    File "/app/app/routers/home.py", line 56, in home
2025-12-24T04:17:42.012641032Z [err]      ).order_by(Group.deadline.asc()).all()
2025-12-24T04:17:42.012651100Z [err]                                       ^^^^^
2025-12-24T04:17:42.012658745Z [err]    File "/opt/venv/lib/python3.12/site-packages/sqlalchemy/orm/query.py", line 2704, in all
2025-12-24T04:17:42.012668493Z [err]      return self._iter().all()  # type: ignore
2025-12-24T04:17:42.012675623Z [err]             ^^^^^^^^^^^^
2025-12-24T04:17:42.012683636Z [err]    File "/opt/venv/lib/python3.12/site-packages/sqlalchemy/orm/query.py", line 2857, in _iter
2025-12-24T04:17:42.012692007Z [err]      result: Union[ScalarResult[_T], Result[_T]] = self.session.execute(
2025-12-24T04:17:42.012700527Z [err]                                                    ^^^^^^^^^^^^^^^^^^^^^
2025-12-24T04:17:42.012715542Z [err]    File "/opt/venv/lib/python3.12/site-packages/sqlalchemy/orm/session.py", line 2351, in execute
2025-12-24T04:17:42.012725681Z [err]      return self._execute_internal(
2025-12-24T04:17:42.012748096Z [err]             ^^^^^^^^^^^^^^^^^^^^^^^
2025-12-24T04:17:42.012756159Z [err]    File "/opt/venv/lib/python3.12/site-packages/sqlalchemy/orm/session.py", line 2249, in _execute_internal
2025-12-24T04:17:42.012764491Z [err]      result: Result[Any] = compile_state_cls.orm_execute_statement(
2025-12-24T04:17:42.012771875Z [err]                            ^^^^^^^^^^^^^^^^^^^^^^^^^^^^^^^^^^^^^^^^
2025-12-24T04:17:42.012780106Z [err]    File "/opt/venv/lib/python3.12/site-packages/sqlalchemy/orm/context.py", line 306, in orm_execute_statement
2025-12-24T04:17:42.012788284Z [err]      result = conn.execute(
2025-12-24T04:17:42.012796737Z [err]               ^^^^^^^^^^^^^
2025-12-24T04:17:42.012804053Z [err]    File "/opt/venv/lib/python3.12/site-packages/sqlalchemy/engine/base.py", line 1419, in execute
2025-12-24T04:17:42.016090881Z [err]      return meth(
2025-12-24T04:17:42.016098233Z [err]             ^^^^^
2025-12-24T04:17:42.016103414Z [err]    File "/opt/venv/lib/python3.12/site-packages/sqlalchemy/sql/elements.py", line 527, in _execute_on_connection
2025-12-24T04:17:42.016108164Z [err]      return connection._execute_clauseelement(
2025-12-24T04:17:42.016113415Z [err]             ^^^^^^^^^^^^^^^^^^^^^^^^^^^^^^^^^^
2025-12-24T04:17:42.016119603Z [err]    File "/opt/venv/lib/python3.12/site-packages/sqlalchemy/engine/base.py", line 1641, in _execute_clauseelement
2025-12-24T04:17:42.016124170Z [err]      ret = self._execute_context(
2025-12-24T04:17:42.016128800Z [err]            ^^^^^^^^^^^^^^^^^^^^^^
2025-12-24T04:17:42.016133233Z [err]    File "/opt/venv/lib/python3.12/site-packages/sqlalchemy/engine/base.py", line 1846, in _execute_context
2025-12-24T04:17:42.016137810Z [err]      return self._exec_single_context(
2025-12-24T04:17:42.016143522Z [err]             ^^^^^^^^^^^^^^^^^^^^^^^^^^
2025-12-24T04:17:42.016148998Z [err]    File "/opt/venv/lib/python3.12/site-packages/sqlalchemy/engine/base.py", line 1986, in _exec_single_context
2025-12-24T04:17:42.016153701Z [err]      self._handle_dbapi_exception(
2025-12-24T04:17:42.016157877Z [err]    File "/opt/venv/lib/python3.12/site-packages/sqlalchemy/engine/base.py", line 2363, in _handle_dbapi_exception
2025-12-24T04:17:42.016162362Z [err]      raise sqlalchemy_exception.with_traceback(exc_info[2]) from e
2025-12-24T04:17:42.016167118Z [err]    File "/opt/venv/lib/python3.12/site-packages/sqlalchemy/engine/base.py", line 1967, in _exec_single_context
2025-12-24T04:17:42.016172435Z [err]      self.dialect.do_execute(
2025-12-24T04:17:42.016177909Z [err]    File "/opt/venv/lib/python3.12/site-packages/sqlalchemy/engine/default.py", line 952, in do_execute
2025-12-24T04:17:42.016182460Z [err]      cursor.execute(statement, parameters)
2025-12-24T04:17:42.016186590Z [err]  sqlalchemy.exc.DataError: (psycopg2.errors.InvalidTextRepresentation) invalid input value for enum categorytype: "GROUP_BUY"
2025-12-24T04:17:42.021301549Z [err]  LINE 3: WHERE groups.category = 'GROUP_BUY' AND groups.is_closed = f...
2025-12-24T04:17:42.021315152Z [err]                                  ^
2025-12-24T04:17:42.021321552Z [err]  
2025-12-24T04:17:42.021328338Z [err]  [SQL: SELECT groups.id AS groups_id, groups.store_id AS groups_store_id, groups.menu_id AS groups_menu_id, groups.owner_id AS groups_owner_id, groups.branch_id AS groups_branch_id, groups.name AS groups_name, groups.note AS groups_note, groups.category AS groups_category, groups.deadline AS groups_deadline, groups.is_closed AS groups_is_closed, groups.default_sugar AS groups_default_sugar, groups.default_ice AS groups_default_ice, groups.lock_sugar AS groups_lock_sugar, groups.lock_ice AS groups_lock_ice, groups.created_at AS groups_created_at, stores_1.id AS stores_1_id, stores_1.name AS stores_1_name, stores_1.category AS stores_1_category, stores_1.logo_url AS stores_1_logo_url, stores_1.phone AS stores_1_phone, stores_1.branch AS stores_1_branch, stores_1.is_active AS stores_1_is_active, stores_1.created_at AS stores_1_created_at, users_1.id AS users_1_id, users_1.line_user_id AS users_1_line_user_id, users_1.display_name AS users_1_display_name, users_1.nickname AS users_1_nickname, users_1.picture_url AS users_1_picture_url, users_1.is_admin AS users_1_is_admin, users_1.created_at AS users_1_created_at, users_1.last_login_at AS users_1_last_login_at, users_1.last_active_at AS users_1_last_active_at, orders_1.id AS orders_1_id, orders_1.group_id AS orders_1_group_id, orders_1.user_id AS orders_1_user_id, orders_1.status AS orders_1_status, orders_1.snapshot AS orders_1_snapshot, orders_1.created_at AS orders_1_created_at, orders_1.updated_at AS orders_1_updated_at 
2025-12-24T04:17:42.021335071Z [err]  FROM groups LEFT OUTER JOIN stores AS stores_1 ON stores_1.id = groups.store_id LEFT OUTER JOIN users AS users_1 ON users_1.id = groups.owner_id LEFT OUTER JOIN orders AS orders_1 ON groups.id = orders_1.group_id 
2025-12-24T04:17:42.021342361Z [err]  WHERE groups.category = %(category_1)s AND groups.is_closed = false AND groups.deadline > %(deadline_1)s ORDER BY groups.deadline ASC]
2025-12-24T04:17:42.023639880Z [err]  [parameters: {'category_1': 'GROUP_BUY', 'deadline_1': datetime.datetime(2025, 12, 24, 4, 17, 39, 261052)}]
2025-12-24T04:17:42.023648594Z [err]  (Background on this error at: https://sqlalche.me/e/20/9h9h)