2025-12-24T05:56:20.000000000Z [inf]  Starting Container
2025-12-24T05:56:22.871538142Z [inf]  Column stores.branch check: OK
2025-12-24T05:56:22.871541914Z [err]  INFO:     Waiting for application startup.
2025-12-24T05:56:22.871547758Z [inf]  Column groups.branch_id check: OK
2025-12-24T05:56:22.871553791Z [inf]  Column order_items.size check: OK
2025-12-24T05:56:22.871557001Z [inf]  Column groups.note check: OK
2025-12-24T05:56:22.871561626Z [inf]  Column order_items.created_at check: OK
2025-12-24T05:56:22.871567383Z [inf]  Column menu_items.price_l check: OK
2025-12-24T05:56:22.871572519Z [inf]  Column stores.phone check: OK
2025-12-24T05:56:22.871580477Z [err]  INFO:     Started server process [1]
2025-12-24T05:56:22.871594550Z [inf]  Column groups.delivery_fee check: OK
2025-12-24T05:56:22.871599531Z [inf]  Column users.nickname check: OK
2025-12-24T05:56:22.871606159Z [inf]  Column users.last_login_at check: OK
2025-12-24T05:56:22.871609653Z [err]  INFO:     Uvicorn running on http://0.0.0.0:8080 (Press CTRL+C to quit)
2025-12-24T05:56:22.871616647Z [inf]  Column users.last_active_at check: OK
2025-12-24T05:56:22.871618869Z [inf]  INFO:     100.64.0.2:59397 - "GET / HTTP/1.1" 200 OK
2025-12-24T05:56:22.871627298Z [inf]  Enum value categorytype.group_buy check: OK
2025-12-24T05:56:22.871633359Z [inf]  system_settings check: OK
2025-12-24T05:56:22.871643449Z [err]  INFO:     Application startup complete.
2025-12-24T05:58:02.585060193Z [inf]  INFO:     100.64.0.3:55504 - "GET /groups/13/qrcode HTTP/1.1" 200 OK
2025-12-24T05:58:02.585069867Z [inf]  INFO:     100.64.0.3:55504 - "GET /groups/13/orders/mine HTTP/1.1" 200 OK
2025-12-24T05:58:02.585081846Z [inf]  INFO:     100.64.0.3:23532 - "GET /groups/13/orders/mine HTTP/1.1" 200 OK
2025-12-24T05:58:02.585087849Z [inf]  INFO:     100.64.0.3:23524 - "GET /groups/13/orders/wall HTTP/1.1" 200 OK
2025-12-24T05:58:02.585097936Z [inf]  INFO:     100.64.0.3:23524 - "GET /home HTTP/1.1" 200 OK
2025-12-24T05:58:02.585110898Z [inf]  INFO:     100.64.0.3:23524 - "GET /static/images/sela-logo.svg HTTP/1.1" 200 OK
2025-12-24T05:58:02.585119190Z [inf]  INFO:     100.64.0.3:23524 - "GET /groups/13 HTTP/1.1" 200 OK
2025-12-24T05:58:02.585183202Z [inf]  INFO:     100.64.0.3:23524 - "GET / HTTP/1.1" 302 Found
2025-12-24T05:58:32.201460794Z [inf]  INFO:     100.64.0.4:50062 - "GET / HTTP/1.1" 302 Found
2025-12-24T05:58:32.201470497Z [inf]  INFO:     100.64.0.4:50078 - "POST /auth/heartbeat HTTP/1.1" 200 OK
2025-12-24T05:58:32.201476662Z [inf]  INFO:     100.64.0.4:50078 - "GET /home HTTP/1.1" 200 OK
2025-12-24T05:58:32.201483310Z [inf]  INFO:     100.64.0.4:50078 - "GET /static/images/sela-logo.svg HTTP/1.1" 200 OK
2025-12-24T05:58:32.201489459Z [inf]  INFO:     100.64.0.4:50078 - "GET /groups/6 HTTP/1.1" 200 OK
2025-12-24T05:58:32.703986859Z [inf]  INFO:     100.64.0.4:50078 - "GET /groups/6/orders/wall HTTP/1.1" 200 OK
2025-12-24T05:58:32.703993668Z [inf]  INFO:     100.64.0.4:50062 - "GET /groups/6/orders/mine HTTP/1.1" 200 OK
2025-12-24T05:58:32.704000475Z [inf]  INFO:     100.64.0.4:50086 - "GET /groups/6/qrcode HTTP/1.1" 200 OK
2025-12-24T05:58:32.704006701Z [inf]  INFO:     100.64.0.4:50086 - "GET /groups/6/orders/mine HTTP/1.1" 200 OK
2025-12-24T05:59:02.296895671Z [inf]  INFO:     100.64.0.4:10706 - "GET /groups/14 HTTP/1.1" 200 OK
2025-12-24T05:59:02.296903605Z [inf]  INFO:     100.64.0.4:10712 - "GET /home/groups HTTP/1.1" 200 OK
2025-12-24T05:59:02.296909047Z [inf]  INFO:     100.64.0.4:10718 - "GET /static/images/sela-logo.svg HTTP/1.1" 304 Not Modified
2025-12-24T05:59:02.296916653Z [inf]  INFO:     100.64.0.4:10706 - "GET /groups/14/orders/wall HTTP/1.1" 200 OK
2025-12-24T05:59:02.296923481Z [inf]  INFO:     100.64.0.4:10718 - "GET /groups/14/orders/mine HTTP/1.1" 200 OK
2025-12-24T05:59:02.296928570Z [inf]  INFO:     100.64.0.4:10728 - "GET /groups/14/qrcode HTTP/1.1" 200 OK
2025-12-24T05:59:02.296934902Z [inf]  INFO:     100.64.0.4:10718 - "GET /groups/14/orders/mine HTTP/1.1" 200 OK
2025-12-24T05:59:22.325440171Z [inf]  INFO:     100.64.0.4:21420 - "POST /auth/heartbeat HTTP/1.1" 200 OK
2025-12-24T05:59:22.325448505Z [inf]  INFO:     100.64.0.4:21420 - "POST /auth/heartbeat HTTP/1.1" 200 OK
2025-12-24T05:59:22.325454338Z [inf]  INFO:     100.64.0.4:21420 - "GET /home/groups HTTP/1.1" 200 OK
2025-12-24T05:59:22.325460172Z [inf]  INFO:     100.64.0.4:21420 - "GET /home/groups HTTP/1.1" 200 OK
2025-12-24T05:59:24.974041028Z [inf]  INFO:     100.64.0.4:21420 - "GET /home/groups HTTP/1.1" 200 OK
2025-12-24T05:59:28.051335201Z [inf]  INFO:     100.64.0.4:21420 - "GET /home/groups HTTP/1.1" 200 OK
2025-12-24T05:59:31.029366474Z [inf]  INFO:     100.64.0.4:21420 - "GET /home/groups HTTP/1.1" 200 OK
2025-12-24T05:59:34.168737917Z [inf]  INFO:     100.64.0.4:21420 - "GET /home/groups HTTP/1.1" 200 OK
2025-12-24T05:59:37.003967130Z [inf]  INFO:     100.64.0.4:21420 - "GET /home/groups HTTP/1.1" 200 OK
2025-12-24T05:59:40.000061427Z [inf]  INFO:     100.64.0.4:21420 - "GET /home/groups HTTP/1.1" 200 OK
2025-12-24T05:59:43.141952701Z [inf]  INFO:     100.64.0.4:21420 - "GET /home/groups HTTP/1.1" 200 OK
2025-12-24T05:59:46.108245558Z [inf]  INFO:     100.64.0.4:21420 - "GET /home/groups HTTP/1.1" 200 OK
2025-12-24T05:59:49.325804801Z [inf]  INFO:     100.64.0.4:21420 - "GET /home/groups HTTP/1.1" 200 OK
2025-12-24T05:59:51.683730044Z [inf]  INFO:     100.64.0.4:21420 - "GET /home/groups HTTP/1.1" 200 OK
2025-12-24T05:59:54.682356772Z [inf]  INFO:     100.64.0.4:21420 - "GET /home/groups HTTP/1.1" 200 OK
2025-12-24T05:59:57.691823284Z [inf]  INFO:     100.64.0.4:21420 - "GET /home/groups HTTP/1.1" 200 OK
2025-12-24T06:00:00.717190518Z [inf]  INFO:     100.64.0.4:21420 - "GET /home/groups HTTP/1.1" 200 OK
2025-12-24T06:00:03.710288075Z [inf]  INFO:     100.64.0.4:21420 - "GET /home/groups HTTP/1.1" 200 OK
2025-12-24T06:00:06.721876620Z [inf]  INFO:     100.64.0.4:21420 - "GET /home/groups HTTP/1.1" 200 OK
2025-12-24T06:00:09.687492560Z [inf]  INFO:     100.64.0.4:21420 - "GET /home/groups HTTP/1.1" 200 OK
2025-12-24T06:00:12.694637315Z [inf]  INFO:     100.64.0.4:21420 - "GET /home/groups HTTP/1.1" 200 OK
2025-12-24T06:00:19.423691477Z [inf]  INFO:     100.64.0.4:24832 - "GET /home/groups HTTP/1.1" 200 OK
2025-12-24T06:49:37.561493236Z [inf]  INFO:     100.64.0.3:12408 - "GET / HTTP/1.1" 200 OK
2025-12-24T06:49:37.561501969Z [inf]  INFO:     100.64.0.3:12408 - "GET /static/images/sela-logo.svg HTTP/1.1" 304 Not Modified
2025-12-24T06:49:39.106041666Z [inf]  INFO:     100.64.0.3:12408 - "GET /auth/login HTTP/1.1" 307 Temporary Redirect
2025-12-24T06:49:42.514884509Z [err]  2025-12-24 06:49:42,409 - auth - INFO - [81102808] === 登入開始 ===
2025-12-24T06:49:42.514895703Z [err]  2025-12-24 06:49:42,409 - auth - INFO - [81102808] IP: 100.64.0.3
2025-12-24T06:49:42.514903873Z [err]  2025-12-24 06:49:42,409 - auth - INFO - [81102808] State received: YTOrhSFJ...
2025-12-24T06:49:42.514910629Z [err]  2025-12-24 06:49:42,409 - auth - INFO - [81102808] State saved: YTOrhSFJ...
2025-12-24T06:49:42.514917045Z [err]  2025-12-24 06:49:42,409 - auth - INFO - [81102808] State 驗證通過
2025-12-24T06:49:43.125686680Z [err]  2025-12-24 06:49:43,104 - httpx - INFO - HTTP Request: POST https://api.line.me/oauth2/v2.1/token "HTTP/1.1 200 OK"
2025-12-24T06:49:43.125692289Z [err]  2025-12-24 06:49:43,105 - auth - INFO - [81102808] LINE token 取得成功
2025-12-24T06:49:43.661564930Z [err]  2025-12-24 06:49:43,419 - httpx - INFO - HTTP Request: GET https://api.line.me/v2/profile "HTTP/1.1 200 OK"
2025-12-24T06:49:43.661569614Z [err]  2025-12-24 06:49:43,420 - auth - INFO - [81102808] LINE Profile: user_id=U0f094e8..., name=Sela
2025-12-24T06:49:43.661574367Z [err]  2025-12-24 06:49:43,431 - auth - INFO - 找到現有用戶：id=1, line_user_id=U0f094e8..., 舊名=Sela, 新名=Sela
2025-12-24T06:49:43.661579602Z [err]  2025-12-24 06:49:43,442 - auth - INFO - [81102808] DB User: id=1, line_user_id=U0f094e8..., name=Sela
2025-12-24T06:49:43.661585346Z [err]  2025-12-24 06:49:43,443 - auth - INFO - [81102808] Token 建立成功（版本：1）
2025-12-24T06:49:43.661589749Z [err]  2025-12-24 06:49:43,443 - auth - INFO - [81102808] === 登入完成：Sela (id=1) ===
2025-12-24T06:49:43.661593952Z [err]  2025-12-24 06:49:43,444 - auth - INFO - [81102808] 導向到: /home
2025-12-24T06:49:43.661598248Z [inf]  INFO:     100.64.0.3:12408 - "GET /auth/callback?code=qCKexX14A9ZSVt6z6S42&state=YTOrhSFJlRMlfpjFWefDj34Tiy6sQkPal8Do44iOI0g HTTP/1.1" 302 Found
2025-12-24T06:49:43.765460870Z [inf]  INFO:     100.64.0.3:12408 - "GET /home HTTP/1.1" 200 OK
2025-12-24T06:49:46.628921596Z [inf]  INFO:     100.64.0.3:12408 - "GET /home/groups HTTP/1.1" 200 OK
2025-12-24T06:49:48.824674747Z [inf]  INFO:     100.64.0.3:12408 - "GET /home/groups HTTP/1.1" 200 OK
2025-12-24T06:49:51.681962176Z [inf]  INFO:     100.64.0.3:12408 - "GET /home/groups HTTP/1.1" 200 OK
2025-12-24T06:49:53.762702384Z [inf]  INFO:     100.64.0.3:12408 - "GET /home/groups HTTP/1.1" 200 OK
2025-12-24T06:49:55.743308706Z [inf]  INFO:     100.64.0.3:12408 - "GET /groups/14 HTTP/1.1" 200 OK
2025-12-24T06:49:56.661864001Z [inf]  INFO:     100.64.0.3:12408 - "GET /groups/14/orders/mine HTTP/1.1" 200 OK
2025-12-24T06:49:56.661872702Z [inf]  INFO:     100.64.0.3:14716 - "GET /groups/14/orders/wall HTTP/1.1" 200 OK
2025-12-24T06:49:56.661879729Z [inf]  INFO:     100.64.0.3:14730 - "GET /groups/14/qrcode HTTP/1.1" 200 OK
2025-12-24T06:49:56.661887499Z [inf]  INFO:     100.64.0.3:12408 - "GET /groups/14/orders/mine HTTP/1.1" 200 OK
2025-12-24T06:50:16.256618483Z [inf]  INFO:     100.64.0.3:53866 - "GET /admin HTTP/1.1" 200 OK
2025-12-24T06:50:16.256624103Z [inf]  INFO:     100.64.0.3:53866 - "GET /admin/stores HTTP/1.1" 200 OK
2025-12-24T06:50:16.256632207Z [inf]  INFO:     100.64.0.3:53866 - "GET /admin/stores/8/edit HTTP/1.1" 200 OK
2025-12-24T06:50:16.874381673Z [err]      self.dialect.do_execute(
2025-12-24T06:50:16.874391215Z [err]    File "/opt/venv/lib/python3.12/site-packages/sqlalchemy/engine/default.py", line 952, in do_execute
2025-12-24T06:50:16.874398038Z [err]      cursor.execute(statement, parameters)
2025-12-24T06:50:16.874406745Z [err]  psycopg2.errors.InvalidTextRepresentation: invalid input value for enum categorytype: "GROUP_BUY"
2025-12-24T06:50:16.874411990Z [err]  LINE 1: UPDATE stores SET category='GROUP_BUY' WHERE stores.id = 8
2025-12-24T06:50:16.874417188Z [err]                                     ^
2025-12-24T06:50:16.874422407Z [err]  
2025-12-24T06:50:16.874428126Z [err]  
2025-12-24T06:50:16.874439865Z [err]  The above exception was the direct cause of the following exception:
2025-12-24T06:50:16.874457530Z [err]  
2025-12-24T06:50:16.874463449Z [err]  Traceback (most recent call last):
2025-12-24T06:50:16.874472168Z [err]    File "/opt/venv/lib/python3.12/site-packages/uvicorn/protocols/http/httptools_impl.py", line 416, in run_asgi
2025-12-24T06:50:16.874479579Z [err]      result = await app(  # type: ignore[func-returns-value]
2025-12-24T06:50:16.874485367Z [err]               ^^^^^^^^^^^^^^^^^^^^^^^^^^^^^^^^^^^^^^^^^^^^^^
2025-12-24T06:50:16.874490988Z [err]    File "/opt/venv/lib/python3.12/site-packages/uvicorn/middleware/proxy_headers.py", line 60, in __call__
2025-12-24T06:50:16.874495748Z [err]      return await self.app(scope, receive, send)
2025-12-24T06:50:16.874500198Z [err]             ^^^^^^^^^^^^^^^^^^^^^^^^^^^^^^^^^^^^
2025-12-24T06:50:16.874598175Z [inf]  INFO:     100.64.0.3:53866 - "POST /admin/stores/8/edit HTTP/1.1" 500 Internal Server Error
2025-12-24T06:50:16.874611211Z [err]  ERROR:    Exception in ASGI application
2025-12-24T06:50:16.874616637Z [err]  Traceback (most recent call last):
2025-12-24T06:50:16.874621567Z [err]    File "/opt/venv/lib/python3.12/site-packages/sqlalchemy/engine/base.py", line 1967, in _exec_single_context
2025-12-24T06:50:16.877304545Z [err]    File "/opt/venv/lib/python3.12/site-packages/fastapi/applications.py", line 1135, in __call__
2025-12-24T06:50:16.877311641Z [err]      await super().__call__(scope, receive, send)
2025-12-24T06:50:16.877318776Z [err]    File "/opt/venv/lib/python3.12/site-packages/starlette/applications.py", line 107, in __call__
2025-12-24T06:50:16.877325450Z [err]      await self.middleware_stack(scope, receive, send)
2025-12-24T06:50:16.877332156Z [err]    File "/opt/venv/lib/python3.12/site-packages/starlette/middleware/errors.py", line 186, in __call__
2025-12-24T06:50:16.877338840Z [err]      raise exc
2025-12-24T06:50:16.877344732Z [err]    File "/opt/venv/lib/python3.12/site-packages/starlette/middleware/errors.py", line 164, in __call__
2025-12-24T06:50:16.877352200Z [err]      await self.app(scope, receive, _send)
2025-12-24T06:50:16.877357832Z [err]    File "/opt/venv/lib/python3.12/site-packages/starlette/middleware/exceptions.py", line 63, in __call__
2025-12-24T06:50:16.877363942Z [err]      await wrap_app_handling_exceptions(self.app, conn)(scope, receive, send)
2025-12-24T06:50:16.877370676Z [err]    File "/opt/venv/lib/python3.12/site-packages/starlette/_exception_handler.py", line 53, in wrapped_app
2025-12-24T06:50:16.877376956Z [err]      raise exc
2025-12-24T06:50:16.877383305Z [err]    File "/opt/venv/lib/python3.12/site-packages/starlette/_exception_handler.py", line 42, in wrapped_app
2025-12-24T06:50:16.877389797Z [err]      await app(scope, receive, sender)
2025-12-24T06:50:16.877417958Z [err]    File "/opt/venv/lib/python3.12/site-packages/fastapi/middleware/asyncexitstack.py", line 18, in __call__
2025-12-24T06:50:16.877424615Z [err]      await self.app(scope, receive, send)
2025-12-24T06:50:16.877430730Z [err]    File "/opt/venv/lib/python3.12/site-packages/starlette/routing.py", line 716, in __call__
2025-12-24T06:50:16.877436836Z [err]      await self.middleware_stack(scope, receive, send)
2025-12-24T06:50:16.879624785Z [err]    File "/opt/venv/lib/python3.12/site-packages/starlette/routing.py", line 736, in app
2025-12-24T06:50:16.879631600Z [err]      await route.handle(scope, receive, send)
2025-12-24T06:50:16.879649349Z [err]    File "/opt/venv/lib/python3.12/site-packages/starlette/routing.py", line 290, in handle
2025-12-24T06:50:16.879660865Z [err]      await self.app(scope, receive, send)
2025-12-24T06:50:16.879667815Z [err]    File "/opt/venv/lib/python3.12/site-packages/fastapi/routing.py", line 119, in app
2025-12-24T06:50:16.879676802Z [err]      await wrap_app_handling_exceptions(app, request)(scope, receive, send)
2025-12-24T06:50:16.879684829Z [err]    File "/opt/venv/lib/python3.12/site-packages/starlette/_exception_handler.py", line 53, in wrapped_app
2025-12-24T06:50:16.879692850Z [err]      raise exc
2025-12-24T06:50:16.879698249Z [err]    File "/opt/venv/lib/python3.12/site-packages/starlette/_exception_handler.py", line 42, in wrapped_app
2025-12-24T06:50:16.879745545Z [err]      await app(scope, receive, sender)
2025-12-24T06:50:16.879751983Z [err]    File "/opt/venv/lib/python3.12/site-packages/fastapi/routing.py", line 105, in app
2025-12-24T06:50:16.879759447Z [err]      response = await f(request)
2025-12-24T06:50:16.879765089Z [err]                 ^^^^^^^^^^^^^^^^
2025-12-24T06:50:16.879771772Z [err]    File "/opt/venv/lib/python3.12/site-packages/fastapi/routing.py", line 426, in app
2025-12-24T06:50:16.879778301Z [err]      raw_response = await run_endpoint_function(
2025-12-24T06:50:16.879784717Z [err]                     ^^^^^^^^^^^^^^^^^^^^^^^^^^^^
2025-12-24T06:50:16.879791411Z [err]    File "/opt/venv/lib/python3.12/site-packages/fastapi/routing.py", line 312, in run_endpoint_function
2025-12-24T06:50:16.879798470Z [err]      return await dependant.call(**values)
2025-12-24T06:50:16.879808814Z [err]             ^^^^^^^^^^^^^^^^^^^^^^^^^^^^^^
2025-12-24T06:50:16.879815713Z [err]    File "/app/app/routers/admin.py", line 310, in update_store
2025-12-24T06:50:16.882418091Z [err]      db.commit()
2025-12-24T06:50:16.882431036Z [err]    File "/opt/venv/lib/python3.12/site-packages/sqlalchemy/orm/session.py", line 2030, in commit
2025-12-24T06:50:16.882440099Z [err]      trans.commit(_to_root=True)
2025-12-24T06:50:16.882450001Z [err]    File "<string>", line 2, in commit
2025-12-24T06:50:16.882450834Z [err]                  ^^^^^^^^^^^^^^^^^^^^
2025-12-24T06:50:16.882459568Z [err]    File "/opt/venv/lib/python3.12/site-packages/sqlalchemy/orm/state_changes.py", line 137, in _go
2025-12-24T06:50:16.882464031Z [err]    File "/opt/venv/lib/python3.12/site-packages/sqlalchemy/orm/session.py", line 1286, in _prepare_impl
2025-12-24T06:50:16.882468568Z [err]      ret_value = fn(self, *arg, **kw)
2025-12-24T06:50:16.882475038Z [err]      self.session.flush()
2025-12-24T06:50:16.882478149Z [err]                  ^^^^^^^^^^^^^^^^^^^^
2025-12-24T06:50:16.882483334Z [err]    File "/opt/venv/lib/python3.12/site-packages/sqlalchemy/orm/session.py", line 4331, in flush
2025-12-24T06:50:16.882487640Z [err]    File "/opt/venv/lib/python3.12/site-packages/sqlalchemy/orm/session.py", line 1311, in commit
2025-12-24T06:50:16.882491498Z [err]      self._flush(objects)
2025-12-24T06:50:16.882497954Z [err]      self._prepare_impl()
2025-12-24T06:50:16.882503058Z [err]    File "/opt/venv/lib/python3.12/site-packages/sqlalchemy/orm/session.py", line 4466, in _flush
2025-12-24T06:50:16.882507973Z [err]    File "<string>", line 2, in _prepare_impl
2025-12-24T06:50:16.882512193Z [err]    File "/opt/venv/lib/python3.12/site-packages/sqlalchemy/util/langhelpers.py", line 224, in __exit__
2025-12-24T06:50:16.882513687Z [err]      with util.safe_reraise():
2025-12-24T06:50:16.882524188Z [err]           ^^^^^^^^^^^^^^^^^^^
2025-12-24T06:50:16.882588152Z [err]    File "/opt/venv/lib/python3.12/site-packages/sqlalchemy/orm/state_changes.py", line 137, in _go
2025-12-24T06:50:16.882601607Z [err]      ret_value = fn(self, *arg, **kw)
2025-12-24T06:50:16.884345926Z [err]          ^^^^^^^^^^^^^^^^^^^
2025-12-24T06:50:16.884355277Z [err]    File "/opt/venv/lib/python3.12/site-packages/sqlalchemy/engine/base.py", line 1419, in execute
2025-12-24T06:50:16.884361842Z [err]      return meth(
2025-12-24T06:50:16.884367268Z [err]             ^^^^^
2025-12-24T06:50:16.884372906Z [err]    File "/opt/venv/lib/python3.12/site-packages/sqlalchemy/sql/elements.py", line 527, in _execute_on_connection
2025-12-24T06:50:16.884380368Z [err]      return connection._execute_clauseelement(
2025-12-24T06:50:16.884386725Z [err]             ^^^^^^^^^^^^^^^^^^^^^^^^^^^^^^^^^^
2025-12-24T06:50:16.884391926Z [err]    File "/opt/venv/lib/python3.12/site-packages/sqlalchemy/engine/base.py", line 1641, in _execute_clauseelement
2025-12-24T06:50:16.884398619Z [err]      ret = self._execute_context(
2025-12-24T06:50:16.884401307Z [err]      raise exc_value.with_traceback(exc_tb)
2025-12-24T06:50:16.884410225Z [err]    File "/opt/venv/lib/python3.12/site-packages/sqlalchemy/orm/session.py", line 4427, in _flush
2025-12-24T06:50:16.884419287Z [err]      flush_context.execute()
2025-12-24T06:50:16.884428641Z [err]    File "/opt/venv/lib/python3.12/site-packages/sqlalchemy/orm/unitofwork.py", line 466, in execute
2025-12-24T06:50:16.884436373Z [err]      rec.execute(self)
2025-12-24T06:50:16.884444265Z [err]    File "/opt/venv/lib/python3.12/site-packages/sqlalchemy/orm/unitofwork.py", line 642, in execute
2025-12-24T06:50:16.884451094Z [err]      util.preloaded.orm_persistence.save_obj(
2025-12-24T06:50:16.884457571Z [err]    File "/opt/venv/lib/python3.12/site-packages/sqlalchemy/orm/persistence.py", line 85, in save_obj
2025-12-24T06:50:16.884466513Z [err]      _emit_update_statements(
2025-12-24T06:50:16.884472964Z [err]    File "/opt/venv/lib/python3.12/site-packages/sqlalchemy/orm/persistence.py", line 912, in _emit_update_statements
2025-12-24T06:50:16.884482066Z [err]      c = connection.execute(
2025-12-24T06:50:16.886042557Z [err]            ^^^^^^^^^^^^^^^^^^^^^^
2025-12-24T06:50:16.886051883Z [err]    File "/opt/venv/lib/python3.12/site-packages/sqlalchemy/engine/base.py", line 1846, in _execute_context
2025-12-24T06:50:16.886061264Z [err]      return self._exec_single_context(
2025-12-24T06:50:16.886061424Z [err]      cursor.execute(statement, parameters)
2025-12-24T06:50:16.886070447Z [err]             ^^^^^^^^^^^^^^^^^^^^^^^^^^
2025-12-24T06:50:16.886071566Z [err]  sqlalchemy.exc.DataError: (psycopg2.errors.InvalidTextRepresentation) invalid input value for enum categorytype: "GROUP_BUY"
2025-12-24T06:50:16.886079660Z [err]    File "/opt/venv/lib/python3.12/site-packages/sqlalchemy/engine/base.py", line 1986, in _exec_single_context
2025-12-24T06:50:16.886080584Z [err]  LINE 1: UPDATE stores SET category='GROUP_BUY' WHERE stores.id = 8
2025-12-24T06:50:16.886088967Z [err]      self._handle_dbapi_exception(
2025-12-24T06:50:16.886090575Z [err]                                     ^
2025-12-24T06:50:16.886098556Z [err]    File "/opt/venv/lib/python3.12/site-packages/sqlalchemy/engine/base.py", line 2363, in _handle_dbapi_exception
2025-12-24T06:50:16.886098639Z [err]  
2025-12-24T06:50:16.886109351Z [err]      raise sqlalchemy_exception.with_traceback(exc_info[2]) from e
2025-12-24T06:50:16.886110198Z [err]  [SQL: UPDATE stores SET category=%(category)s WHERE stores.id = %(stores_id)s]
2025-12-24T06:50:16.886118878Z [err]    File "/opt/venv/lib/python3.12/site-packages/sqlalchemy/engine/base.py", line 1967, in _exec_single_context
2025-12-24T06:50:16.886118948Z [err]  [parameters: {'category': 'GROUP_BUY', 'stores_id': 8}]
2025-12-24T06:50:16.886125234Z [err]  (Background on this error at: https://sqlalche.me/e/20/9h9h)
2025-12-24T06:50:16.886128480Z [err]      self.dialect.do_execute(
2025-12-24T06:50:16.886135090Z [err]    File "/opt/venv/lib/python3.12/site-packages/sqlalchemy/engine/default.py", line 952, in do_execute
2025-12-24T06:50:56.383202365Z [inf]  INFO:     100.64.0.3:48724 - "POST /admin/stores/8/edit HTTP/1.1" 500 Internal Server Error
2025-12-24T06:50:56.383215607Z [err]  ERROR:    Exception in ASGI application
2025-12-24T06:50:56.383221775Z [err]  Traceback (most recent call last):
2025-12-24T06:50:56.383227964Z [err]    File "/opt/venv/lib/python3.12/site-packages/sqlalchemy/engine/base.py", line 1967, in _exec_single_context
2025-12-24T06:50:56.383233135Z [err]      self.dialect.do_execute(
2025-12-24T06:50:56.383238580Z [err]    File "/opt/venv/lib/python3.12/site-packages/sqlalchemy/engine/default.py", line 952, in do_execute
2025-12-24T06:50:56.383243879Z [err]      cursor.execute(statement, parameters)
2025-12-24T06:50:56.383248711Z [err]  psycopg2.errors.InvalidTextRepresentation: invalid input value for enum categorytype: "GROUP_BUY"
2025-12-24T06:50:56.383252959Z [err]  LINE 1: UPDATE stores SET category='GROUP_BUY' WHERE stores.id = 8
2025-12-24T06:50:56.383262124Z [err]                                     ^
2025-12-24T06:50:56.383267897Z [err]  
2025-12-24T06:50:56.383275452Z [err]  
2025-12-24T06:50:56.383283748Z [err]  The above exception was the direct cause of the following exception:
2025-12-24T06:50:56.383288878Z [err]  
2025-12-24T06:50:56.383294650Z [err]  Traceback (most recent call last):
2025-12-24T06:50:56.383300596Z [err]    File "/opt/venv/lib/python3.12/site-packages/uvicorn/protocols/http/httptools_impl.py", line 416, in run_asgi
2025-12-24T06:50:56.383307503Z [err]      result = await app(  # type: ignore[func-returns-value]
2025-12-24T06:50:56.383313658Z [err]               ^^^^^^^^^^^^^^^^^^^^^^^^^^^^^^^^^^^^^^^^^^^^^^
2025-12-24T06:50:56.383319498Z [err]    File "/opt/venv/lib/python3.12/site-packages/uvicorn/middleware/proxy_headers.py", line 60, in __call__
2025-12-24T06:50:56.383326602Z [err]      return await self.app(scope, receive, send)
2025-12-24T06:50:56.383331917Z [err]             ^^^^^^^^^^^^^^^^^^^^^^^^^^^^^^^^^^^^
2025-12-24T06:50:56.385979019Z [err]    File "/opt/venv/lib/python3.12/site-packages/fastapi/applications.py", line 1135, in __call__
2025-12-24T06:50:56.385980043Z [err]      raise exc
2025-12-24T06:50:56.385986250Z [err]      await super().__call__(scope, receive, send)
2025-12-24T06:50:56.385992477Z [err]    File "/opt/venv/lib/python3.12/site-packages/starlette/applications.py", line 107, in __call__
2025-12-24T06:50:56.385993129Z [err]    File "/opt/venv/lib/python3.12/site-packages/starlette/_exception_handler.py", line 42, in wrapped_app
2025-12-24T06:50:56.385997781Z [err]      await self.middleware_stack(scope, receive, send)
2025-12-24T06:50:56.385999928Z [err]      await app(scope, receive, sender)
2025-12-24T06:50:56.386003821Z [err]    File "/opt/venv/lib/python3.12/site-packages/starlette/middleware/errors.py", line 186, in __call__
2025-12-24T06:50:56.386005900Z [err]    File "/opt/venv/lib/python3.12/site-packages/fastapi/middleware/asyncexitstack.py", line 18, in __call__
2025-12-24T06:50:56.386009460Z [err]      raise exc
2025-12-24T06:50:56.386011959Z [err]      await self.app(scope, receive, send)
2025-12-24T06:50:56.386016322Z [err]    File "/opt/venv/lib/python3.12/site-packages/starlette/middleware/errors.py", line 164, in __call__
2025-12-24T06:50:56.386022877Z [err]    File "/opt/venv/lib/python3.12/site-packages/starlette/routing.py", line 716, in __call__
2025-12-24T06:50:56.386024984Z [err]      await self.app(scope, receive, _send)
2025-12-24T06:50:56.386029377Z [err]      await self.middleware_stack(scope, receive, send)
2025-12-24T06:50:56.386031965Z [err]    File "/opt/venv/lib/python3.12/site-packages/starlette/middleware/exceptions.py", line 63, in __call__
2025-12-24T06:50:56.386036988Z [err]      await wrap_app_handling_exceptions(self.app, conn)(scope, receive, send)
2025-12-24T06:50:56.386042808Z [err]    File "/opt/venv/lib/python3.12/site-packages/starlette/_exception_handler.py", line 53, in wrapped_app
2025-12-24T06:50:56.388555927Z [err]    File "/opt/venv/lib/python3.12/site-packages/starlette/_exception_handler.py", line 42, in wrapped_app
2025-12-24T06:50:56.388560158Z [err]    File "/opt/venv/lib/python3.12/site-packages/starlette/routing.py", line 736, in app
2025-12-24T06:50:56.388567013Z [err]      await app(scope, receive, sender)
2025-12-24T06:50:56.388569565Z [err]      await route.handle(scope, receive, send)
2025-12-24T06:50:56.388572897Z [err]    File "/opt/venv/lib/python3.12/site-packages/fastapi/routing.py", line 105, in app
2025-12-24T06:50:56.388578743Z [err]    File "/opt/venv/lib/python3.12/site-packages/starlette/routing.py", line 290, in handle
2025-12-24T06:50:56.388582836Z [err]      response = await f(request)
2025-12-24T06:50:56.388585866Z [err]      await self.app(scope, receive, send)
2025-12-24T06:50:56.388589055Z [err]                 ^^^^^^^^^^^^^^^^
2025-12-24T06:50:56.388594451Z [err]    File "/opt/venv/lib/python3.12/site-packages/fastapi/routing.py", line 119, in app
2025-12-24T06:50:56.388597285Z [err]    File "/opt/venv/lib/python3.12/site-packages/fastapi/routing.py", line 426, in app
2025-12-24T06:50:56.388602465Z [err]      await wrap_app_handling_exceptions(app, request)(scope, receive, send)
2025-12-24T06:50:56.388604923Z [err]      raw_response = await run_endpoint_function(
2025-12-24T06:50:56.388608638Z [err]    File "/opt/venv/lib/python3.12/site-packages/starlette/_exception_handler.py", line 53, in wrapped_app
2025-12-24T06:50:56.388613677Z [err]                     ^^^^^^^^^^^^^^^^^^^^^^^^^^^^
2025-12-24T06:50:56.388614315Z [err]      raise exc
2025-12-24T06:50:56.388620726Z [err]    File "/opt/venv/lib/python3.12/site-packages/fastapi/routing.py", line 312, in run_endpoint_function
2025-12-24T06:50:56.388627602Z [err]      return await dependant.call(**values)
2025-12-24T06:50:56.388632915Z [err]             ^^^^^^^^^^^^^^^^^^^^^^^^^^^^^^
2025-12-24T06:50:56.388640847Z [err]    File "/app/app/routers/admin.py", line 310, in update_store
2025-12-24T06:50:56.391952733Z [err]      db.commit()
2025-12-24T06:50:56.391964876Z [err]    File "/opt/venv/lib/python3.12/site-packages/sqlalchemy/orm/session.py", line 2030, in commit
2025-12-24T06:50:56.391970520Z [err]      trans.commit(_to_root=True)
2025-12-24T06:50:56.391976571Z [err]    File "<string>", line 2, in commit
2025-12-24T06:50:56.391985015Z [err]    File "/opt/venv/lib/python3.12/site-packages/sqlalchemy/orm/state_changes.py", line 137, in _go
2025-12-24T06:50:56.391991380Z [err]      ret_value = fn(self, *arg, **kw)
2025-12-24T06:50:56.391998058Z [err]                  ^^^^^^^^^^^^^^^^^^^^
2025-12-24T06:50:56.391998538Z [err]    File "/opt/venv/lib/python3.12/site-packages/sqlalchemy/orm/session.py", line 1286, in _prepare_impl
2025-12-24T06:50:56.392004170Z [err]    File "/opt/venv/lib/python3.12/site-packages/sqlalchemy/orm/session.py", line 1311, in commit
2025-12-24T06:50:56.392010181Z [err]      self._prepare_impl()
2025-12-24T06:50:56.392012584Z [err]      self.session.flush()
2025-12-24T06:50:56.392015468Z [err]    File "<string>", line 2, in _prepare_impl
2025-12-24T06:50:56.392019742Z [err]    File "/opt/venv/lib/python3.12/site-packages/sqlalchemy/orm/session.py", line 4331, in flush
2025-12-24T06:50:56.392021258Z [err]    File "/opt/venv/lib/python3.12/site-packages/sqlalchemy/orm/state_changes.py", line 137, in _go
2025-12-24T06:50:56.392026347Z [err]      ret_value = fn(self, *arg, **kw)
2025-12-24T06:50:56.392031161Z [err]      self._flush(objects)
2025-12-24T06:50:56.392032157Z [err]                  ^^^^^^^^^^^^^^^^^^^^
2025-12-24T06:50:56.392037521Z [err]    File "/opt/venv/lib/python3.12/site-packages/sqlalchemy/orm/session.py", line 4466, in _flush
2025-12-24T06:50:56.392043100Z [err]      with util.safe_reraise():
2025-12-24T06:50:56.392047533Z [err]           ^^^^^^^^^^^^^^^^^^^
2025-12-24T06:50:56.392052187Z [err]    File "/opt/venv/lib/python3.12/site-packages/sqlalchemy/util/langhelpers.py", line 224, in __exit__
2025-12-24T06:50:56.393879410Z [err]      raise exc_value.with_traceback(exc_tb)
2025-12-24T06:50:56.393890042Z [err]    File "/opt/venv/lib/python3.12/site-packages/sqlalchemy/orm/session.py", line 4427, in _flush
2025-12-24T06:50:56.393898635Z [err]          ^^^^^^^^^^^^^^^^^^^
2025-12-24T06:50:56.393900130Z [err]      flush_context.execute()
2025-12-24T06:50:56.393906924Z [err]    File "/opt/venv/lib/python3.12/site-packages/sqlalchemy/engine/base.py", line 1419, in execute
2025-12-24T06:50:56.393908739Z [err]    File "/opt/venv/lib/python3.12/site-packages/sqlalchemy/orm/unitofwork.py", line 466, in execute
2025-12-24T06:50:56.393913549Z [err]      return meth(
2025-12-24T06:50:56.393918814Z [err]      rec.execute(self)
2025-12-24T06:50:56.393919182Z [err]             ^^^^^
2025-12-24T06:50:56.393924878Z [err]    File "/opt/venv/lib/python3.12/site-packages/sqlalchemy/sql/elements.py", line 527, in _execute_on_connection
2025-12-24T06:50:56.393928335Z [err]    File "/opt/venv/lib/python3.12/site-packages/sqlalchemy/orm/unitofwork.py", line 642, in execute
2025-12-24T06:50:56.393931415Z [err]      return connection._execute_clauseelement(
2025-12-24T06:50:56.393936902Z [err]      util.preloaded.orm_persistence.save_obj(
2025-12-24T06:50:56.393937804Z [err]             ^^^^^^^^^^^^^^^^^^^^^^^^^^^^^^^^^^
2025-12-24T06:50:56.393943143Z [err]    File "/opt/venv/lib/python3.12/site-packages/sqlalchemy/engine/base.py", line 1641, in _execute_clauseelement
2025-12-24T06:50:56.393946026Z [err]    File "/opt/venv/lib/python3.12/site-packages/sqlalchemy/orm/persistence.py", line 85, in save_obj
2025-12-24T06:50:56.393950409Z [err]      ret = self._execute_context(
2025-12-24T06:50:56.393954362Z [err]      _emit_update_statements(
2025-12-24T06:50:56.393961047Z [err]    File "/opt/venv/lib/python3.12/site-packages/sqlalchemy/orm/persistence.py", line 912, in _emit_update_statements
2025-12-24T06:50:56.393970092Z [err]      c = connection.execute(
2025-12-24T06:50:56.396001256Z [err]    File "/opt/venv/lib/python3.12/site-packages/sqlalchemy/engine/default.py", line 952, in do_execute
2025-12-24T06:50:56.396004739Z [err]            ^^^^^^^^^^^^^^^^^^^^^^
2025-12-24T06:50:56.396011225Z [err]      cursor.execute(statement, parameters)
2025-12-24T06:50:56.396013318Z [err]    File "/opt/venv/lib/python3.12/site-packages/sqlalchemy/engine/base.py", line 1846, in _execute_context
2025-12-24T06:50:56.396019092Z [err]      return self._exec_single_context(
2025-12-24T06:50:56.396025291Z [err]  sqlalchemy.exc.DataError: (psycopg2.errors.InvalidTextRepresentation) invalid input value for enum categorytype: "GROUP_BUY"
2025-12-24T06:50:56.396025311Z [err]             ^^^^^^^^^^^^^^^^^^^^^^^^^^
2025-12-24T06:50:56.396030761Z [err]    File "/opt/venv/lib/python3.12/site-packages/sqlalchemy/engine/base.py", line 1986, in _exec_single_context
2025-12-24T06:50:56.396033513Z [err]  LINE 1: UPDATE stores SET category='GROUP_BUY' WHERE stores.id = 8
2025-12-24T06:50:56.396038142Z [err]      self._handle_dbapi_exception(
2025-12-24T06:50:56.396042398Z [err]                                     ^
2025-12-24T06:50:56.396044422Z [err]    File "/opt/venv/lib/python3.12/site-packages/sqlalchemy/engine/base.py", line 2363, in _handle_dbapi_exception
2025-12-24T06:50:56.396050449Z [err]  
2025-12-24T06:50:56.396051385Z [err]      raise sqlalchemy_exception.with_traceback(exc_info[2]) from e
2025-12-24T06:50:56.396059264Z [err]  [SQL: UPDATE stores SET category=%(category)s WHERE stores.id = %(stores_id)s]
2025-12-24T06:50:56.396059626Z [err]    File "/opt/venv/lib/python3.12/site-packages/sqlalchemy/engine/base.py", line 1967, in _exec_single_context
2025-12-24T06:50:56.396067634Z [err]  [parameters: {'category': 'GROUP_BUY', 'stores_id': 8}]
2025-12-24T06:50:56.396068046Z [err]      self.dialect.do_execute(
2025-12-24T06:50:56.396074700Z [err]  (Background on this error at: https://sqlalche.me/e/20/9h9h)
2025-12-24T06:51:05.015649798Z [inf]  INFO:     100.64.0.3:62278 - "GET /admin HTTP/1.1" 200 OK
2025-12-24T06:51:06.288809477Z [inf]  INFO:     100.64.0.3:62278 - "GET /admin/users HTTP/1.1" 500 Internal Server Error
2025-12-24T06:51:06.296655040Z [err]  ERROR:    Exception in ASGI application
2025-12-24T06:51:06.296660948Z [err]      raise exc
2025-12-24T06:51:06.296663735Z [err]  Traceback (most recent call last):
2025-12-24T06:51:06.296668609Z [err]    File "/opt/venv/lib/python3.12/site-packages/uvicorn/protocols/http/httptools_impl.py", line 416, in run_asgi
2025-12-24T06:51:06.296674015Z [err]    File "/opt/venv/lib/python3.12/site-packages/starlette/middleware/errors.py", line 164, in __call__
2025-12-24T06:51:06.296675337Z [err]      result = await app(  # type: ignore[func-returns-value]
2025-12-24T06:51:06.296682307Z [err]      await self.app(scope, receive, _send)
2025-12-24T06:51:06.296682462Z [err]               ^^^^^^^^^^^^^^^^^^^^^^^^^^^^^^^^^^^^^^^^^^^^^^
2025-12-24T06:51:06.296688283Z [err]    File "/opt/venv/lib/python3.12/site-packages/starlette/middleware/exceptions.py", line 63, in __call__
2025-12-24T06:51:06.296694256Z [err]      await wrap_app_handling_exceptions(self.app, conn)(scope, receive, send)
2025-12-24T06:51:06.296698664Z [err]    File "/opt/venv/lib/python3.12/site-packages/uvicorn/middleware/proxy_headers.py", line 60, in __call__
2025-12-24T06:51:06.296703475Z [err]    File "/opt/venv/lib/python3.12/site-packages/starlette/_exception_handler.py", line 53, in wrapped_app
2025-12-24T06:51:06.296704431Z [err]      return await self.app(scope, receive, send)
2025-12-24T06:51:06.296709288Z [err]             ^^^^^^^^^^^^^^^^^^^^^^^^^^^^^^^^^^^^
2025-12-24T06:51:06.296715534Z [err]    File "/opt/venv/lib/python3.12/site-packages/fastapi/applications.py", line 1135, in __call__
2025-12-24T06:51:06.296723240Z [err]      await super().__call__(scope, receive, send)
2025-12-24T06:51:06.296726867Z [err]    File "/opt/venv/lib/python3.12/site-packages/starlette/applications.py", line 107, in __call__
2025-12-24T06:51:06.296730279Z [err]      await self.middleware_stack(scope, receive, send)
2025-12-24T06:51:06.296735246Z [err]    File "/opt/venv/lib/python3.12/site-packages/starlette/middleware/errors.py", line 186, in __call__
2025-12-24T06:51:06.298400849Z [err]      raise exc
2025-12-24T06:51:06.298411883Z [err]    File "/opt/venv/lib/python3.12/site-packages/starlette/_exception_handler.py", line 42, in wrapped_app
2025-12-24T06:51:06.298411933Z [err]      raise exc
2025-12-24T06:51:06.298418138Z [err]      await app(scope, receive, sender)
2025-12-24T06:51:06.298424272Z [err]    File "/opt/venv/lib/python3.12/site-packages/fastapi/middleware/asyncexitstack.py", line 18, in __call__
2025-12-24T06:51:06.298426704Z [err]    File "/opt/venv/lib/python3.12/site-packages/starlette/_exception_handler.py", line 42, in wrapped_app
2025-12-24T06:51:06.298431120Z [err]      await self.app(scope, receive, send)
2025-12-24T06:51:06.298436347Z [err]      await app(scope, receive, sender)
2025-12-24T06:51:06.298441576Z [err]    File "/opt/venv/lib/python3.12/site-packages/starlette/routing.py", line 716, in __call__
2025-12-24T06:51:06.298446179Z [err]    File "/opt/venv/lib/python3.12/site-packages/fastapi/routing.py", line 105, in app
2025-12-24T06:51:06.298447975Z [err]      await self.middleware_stack(scope, receive, send)
2025-12-24T06:51:06.298455715Z [err]      response = await f(request)
2025-12-24T06:51:06.298456224Z [err]    File "/opt/venv/lib/python3.12/site-packages/starlette/routing.py", line 736, in app
2025-12-24T06:51:06.298463016Z [err]      await route.handle(scope, receive, send)
2025-12-24T06:51:06.298468413Z [err]    File "/opt/venv/lib/python3.12/site-packages/starlette/routing.py", line 290, in handle
2025-12-24T06:51:06.298476803Z [err]      await self.app(scope, receive, send)
2025-12-24T06:51:06.298482169Z [err]    File "/opt/venv/lib/python3.12/site-packages/fastapi/routing.py", line 119, in app
2025-12-24T06:51:06.298487529Z [err]      await wrap_app_handling_exceptions(app, request)(scope, receive, send)
2025-12-24T06:51:06.298492463Z [err]    File "/opt/venv/lib/python3.12/site-packages/starlette/_exception_handler.py", line 53, in wrapped_app
2025-12-24T06:51:06.299980426Z [err]                 ^^^^^^^^^^^^^^^^
2025-12-24T06:51:06.299988599Z [err]    File "/opt/venv/lib/python3.12/site-packages/fastapi/routing.py", line 426, in app
2025-12-24T06:51:06.299994255Z [err]    File "/opt/venv/lib/python3.12/site-packages/jinja2/environment.py", line 1016, in get_template
2025-12-24T06:51:06.299995493Z [err]      raw_response = await run_endpoint_function(
2025-12-24T06:51:06.299998268Z [err]      return await dependant.call(**values)
2025-12-24T06:51:06.300003015Z [err]                     ^^^^^^^^^^^^^^^^^^^^^^^^^^^^
2025-12-24T06:51:06.300006194Z [err]      return self._load_template(name, globals)
2025-12-24T06:51:06.300009130Z [err]             ^^^^^^^^^^^^^^^^^^^^^^^^^^^^^^
2025-12-24T06:51:06.300009919Z [err]    File "/opt/venv/lib/python3.12/site-packages/fastapi/routing.py", line 312, in run_endpoint_function
2025-12-24T06:51:06.300015882Z [err]             ^^^^^^^^^^^^^^^^^^^^^^^^^^^^^^^^^^
2025-12-24T06:51:06.300019120Z [err]    File "/app/app/routers/admin.py", line 335, in user_list
2025-12-24T06:51:06.300024103Z [err]    File "/opt/venv/lib/python3.12/site-packages/jinja2/environment.py", line 975, in _load_template
2025-12-24T06:51:06.300025945Z [err]      return templates.TemplateResponse("admin/users.html", {
2025-12-24T06:51:06.300031161Z [err]             ^^^^^^^^^^^^^^^^^^^^^^^^^^^^^^^^^^^^^^^^^^^^^^^^
2025-12-24T06:51:06.300038307Z [err]    File "/opt/venv/lib/python3.12/site-packages/starlette/templating.py", line 209, in TemplateResponse
2025-12-24T06:51:06.300045633Z [err]      template = self.get_template(name)
2025-12-24T06:51:06.300053447Z [err]                 ^^^^^^^^^^^^^^^^^^^^^^^
2025-12-24T06:51:06.300059479Z [err]    File "/opt/venv/lib/python3.12/site-packages/starlette/templating.py", line 132, in get_template
2025-12-24T06:51:06.300064403Z [err]      return self.env.get_template(name)
2025-12-24T06:51:06.300068913Z [err]             ^^^^^^^^^^^^^^^^^^^^^^^^^^^
2025-12-24T06:51:06.301566075Z [err]  jinja2.exceptions.TemplateAssertionError: No filter named 'taipei'.
2025-12-24T06:51:06.301569165Z [err]      template = self.loader.load(self, name, self.make_globals(globals))
2025-12-24T06:51:06.301577399Z [err]                 ^^^^^^^^^^^^^^^^^^^^^^^^^^^^^^^^^^^^^^^^^^^^^^^^^^^^^^^^
2025-12-24T06:51:06.301584509Z [err]    File "/opt/venv/lib/python3.12/site-packages/jinja2/loaders.py", line 138, in load
2025-12-24T06:51:06.301590673Z [err]      code = environment.compile(source, name, filename)
2025-12-24T06:51:06.301596842Z [err]             ^^^^^^^^^^^^^^^^^^^^^^^^^^^^^^^^^^^^^^^^^^^
2025-12-24T06:51:06.301603148Z [err]    File "/opt/venv/lib/python3.12/site-packages/jinja2/environment.py", line 771, in compile
2025-12-24T06:51:06.301608360Z [err]      self.handle_exception(source=source_hint)
2025-12-24T06:51:06.301614021Z [err]    File "/opt/venv/lib/python3.12/site-packages/jinja2/environment.py", line 942, in handle_exception
2025-12-24T06:51:06.301619776Z [err]      raise rewrite_traceback_stack(source=source)
2025-12-24T06:51:06.301624961Z [err]    File "app/templates/admin/users.html", line 79, in template
2025-12-24T06:51:06.301630798Z [err]      ・加入 {{ (u.created_at|taipei).strftime('%Y-%m-%d') }}
2025-12-24T06:51:06.301636254Z [err]      ^^^^^^^^^^^^^^^^^^^^^^^^
2025-12-24T06:52:06.401822169Z [inf]  INFO:     100.64.0.3:55212 - "GET / HTTP/1.1" 302 Found
2025-12-24T06:52:06.401829226Z [inf]  INFO:     100.64.0.3:55212 - "GET /home HTTP/1.1" 200 OK
2025-12-24T06:52:06.952719565Z [inf]  INFO:     100.64.0.3:55212 - "GET /admin HTTP/1.1" 200 OK
2025-12-24T06:52:08.547515342Z [err]    File "/opt/venv/lib/python3.12/site-packages/uvicorn/middleware/proxy_headers.py", line 60, in __call__
2025-12-24T06:52:08.547531272Z [err]      return await self.app(scope, receive, send)
2025-12-24T06:52:08.547538811Z [err]             ^^^^^^^^^^^^^^^^^^^^^^^^^^^^^^^^^^^^
2025-12-24T06:52:08.547546035Z [err]    File "/opt/venv/lib/python3.12/site-packages/fastapi/applications.py", line 1135, in __call__
2025-12-24T06:52:08.547553274Z [err]      await super().__call__(scope, receive, send)
2025-12-24T06:52:08.547562123Z [err]    File "/opt/venv/lib/python3.12/site-packages/starlette/applications.py", line 107, in __call__
2025-12-24T06:52:08.547564346Z [err]      raise exc
2025-12-24T06:52:08.547571789Z [err]    File "/opt/venv/lib/python3.12/site-packages/starlette/middleware/errors.py", line 164, in __call__
2025-12-24T06:52:08.547574632Z [err]      await self.middleware_stack(scope, receive, send)
2025-12-24T06:52:08.547579628Z [err]      await self.app(scope, receive, _send)
2025-12-24T06:52:08.547583254Z [err]    File "/opt/venv/lib/python3.12/site-packages/starlette/middleware/errors.py", line 186, in __call__
2025-12-24T06:52:08.547588481Z [err]    File "/opt/venv/lib/python3.12/site-packages/starlette/middleware/exceptions.py", line 63, in __call__
2025-12-24T06:52:08.547596436Z [err]      await wrap_app_handling_exceptions(self.app, conn)(scope, receive, send)
2025-12-24T06:52:08.547693395Z [inf]  INFO:     100.64.0.3:55212 - "GET /admin/users HTTP/1.1" 500 Internal Server Error
2025-12-24T06:52:08.547697781Z [err]  ERROR:    Exception in ASGI application
2025-12-24T06:52:08.547703724Z [err]  Traceback (most recent call last):
2025-12-24T06:52:08.547708092Z [err]    File "/opt/venv/lib/python3.12/site-packages/uvicorn/protocols/http/httptools_impl.py", line 416, in run_asgi
2025-12-24T06:52:08.547714248Z [err]      result = await app(  # type: ignore[func-returns-value]
2025-12-24T06:52:08.547721983Z [err]               ^^^^^^^^^^^^^^^^^^^^^^^^^^^^^^^^^^^^^^^^^^^^^^
2025-12-24T06:52:08.551959795Z [err]    File "/opt/venv/lib/python3.12/site-packages/starlette/_exception_handler.py", line 53, in wrapped_app
2025-12-24T06:52:08.551969714Z [err]      raise exc
2025-12-24T06:52:08.551985042Z [err]    File "/opt/venv/lib/python3.12/site-packages/starlette/_exception_handler.py", line 42, in wrapped_app
2025-12-24T06:52:08.551994383Z [err]      await app(scope, receive, sender)
2025-12-24T06:52:08.552001285Z [err]    File "/opt/venv/lib/python3.12/site-packages/fastapi/middleware/asyncexitstack.py", line 18, in __call__
2025-12-24T06:52:08.552007425Z [err]      await self.app(scope, receive, send)
2025-12-24T06:52:08.552013567Z [err]    File "/opt/venv/lib/python3.12/site-packages/starlette/routing.py", line 716, in __call__
2025-12-24T06:52:08.552020486Z [err]      await self.middleware_stack(scope, receive, send)
2025-12-24T06:52:08.552026726Z [err]    File "/opt/venv/lib/python3.12/site-packages/starlette/routing.py", line 736, in app
2025-12-24T06:52:08.552034808Z [err]      await route.handle(scope, receive, send)
2025-12-24T06:52:08.552041294Z [err]    File "/opt/venv/lib/python3.12/site-packages/starlette/routing.py", line 290, in handle
2025-12-24T06:52:08.552052663Z [err]      await self.app(scope, receive, send)
2025-12-24T06:52:08.552058692Z [err]    File "/opt/venv/lib/python3.12/site-packages/fastapi/routing.py", line 119, in app
2025-12-24T06:52:08.552064808Z [err]      await wrap_app_handling_exceptions(app, request)(scope, receive, send)
2025-12-24T06:52:08.552071277Z [err]    File "/opt/venv/lib/python3.12/site-packages/starlette/_exception_handler.py", line 53, in wrapped_app
2025-12-24T06:52:08.552078086Z [err]      raise exc
2025-12-24T06:52:08.552085707Z [err]    File "/opt/venv/lib/python3.12/site-packages/starlette/_exception_handler.py", line 42, in wrapped_app
2025-12-24T06:52:08.552092439Z [err]      await app(scope, receive, sender)
2025-12-24T06:52:08.552099013Z [err]    File "/opt/venv/lib/python3.12/site-packages/fastapi/routing.py", line 105, in app
2025-12-24T06:52:08.553950736Z [err]      response = await f(request)
2025-12-24T06:52:08.553957567Z [err]                 ^^^^^^^^^^^^^^^^
2025-12-24T06:52:08.553965150Z [err]    File "/opt/venv/lib/python3.12/site-packages/fastapi/routing.py", line 426, in app
2025-12-24T06:52:08.553978370Z [err]      raw_response = await run_endpoint_function(
2025-12-24T06:52:08.553985652Z [err]                     ^^^^^^^^^^^^^^^^^^^^^^^^^^^^
2025-12-24T06:52:08.553992373Z [err]    File "/opt/venv/lib/python3.12/site-packages/fastapi/routing.py", line 312, in run_endpoint_function
2025-12-24T06:52:08.554396136Z [err]      return await dependant.call(**values)
2025-12-24T06:52:08.554408245Z [err]    File "/opt/venv/lib/python3.12/site-packages/starlette/templating.py", line 209, in TemplateResponse
2025-12-24T06:52:08.554410711Z [err]             ^^^^^^^^^^^^^^^^^^^^^^^^^^^^^^
2025-12-24T06:52:08.554421203Z [err]      template = self.get_template(name)
2025-12-24T06:52:08.554425346Z [err]    File "/app/app/routers/admin.py", line 335, in user_list
2025-12-24T06:52:08.554430627Z [err]                 ^^^^^^^^^^^^^^^^^^^^^^^
2025-12-24T06:52:08.554435779Z [err]      return templates.TemplateResponse("admin/users.html", {
2025-12-24T06:52:08.554442080Z [err]    File "/opt/venv/lib/python3.12/site-packages/starlette/templating.py", line 132, in get_template
2025-12-24T06:52:08.554443522Z [err]             ^^^^^^^^^^^^^^^^^^^^^^^^^^^^^^^^^^^^^^^^^^^^^^^^
2025-12-24T06:52:08.554456930Z [err]      return self.env.get_template(name)
2025-12-24T06:52:08.554465015Z [err]      return self._load_template(name, globals)
2025-12-24T06:52:08.554470136Z [err]             ^^^^^^^^^^^^^^^^^^^^^^^^^^^
2025-12-24T06:52:08.554474869Z [err]             ^^^^^^^^^^^^^^^^^^^^^^^^^^^^^^^^^^
2025-12-24T06:52:08.554479753Z [err]    File "/opt/venv/lib/python3.12/site-packages/jinja2/environment.py", line 1016, in get_template
2025-12-24T06:52:08.554484320Z [err]    File "/opt/venv/lib/python3.12/site-packages/jinja2/environment.py", line 975, in _load_template
2025-12-24T06:52:08.555564398Z [err]      template = self.loader.load(self, name, self.make_globals(globals))
2025-12-24T06:52:08.555572993Z [err]                 ^^^^^^^^^^^^^^^^^^^^^^^^^^^^^^^^^^^^^^^^^^^^^^^^^^^^^^^^
2025-12-24T06:52:08.555579907Z [err]    File "/opt/venv/lib/python3.12/site-packages/jinja2/loaders.py", line 138, in load
2025-12-24T06:52:08.555584830Z [err]      code = environment.compile(source, name, filename)
2025-12-24T06:52:08.555596339Z [err]             ^^^^^^^^^^^^^^^^^^^^^^^^^^^^^^^^^^^^^^^^^^^
2025-12-24T06:52:08.555602207Z [err]    File "/opt/venv/lib/python3.12/site-packages/jinja2/environment.py", line 771, in compile
2025-12-24T06:52:08.555608665Z [err]      self.handle_exception(source=source_hint)
2025-12-24T06:52:08.555614735Z [err]    File "/opt/venv/lib/python3.12/site-packages/jinja2/environment.py", line 942, in handle_exception
2025-12-24T06:52:08.555619738Z [err]      raise rewrite_traceback_stack(source=source)
2025-12-24T06:52:08.555624743Z [err]    File "app/templates/admin/users.html", line 79, in template
2025-12-24T06:52:08.555629517Z [err]      ・加入 {{ (u.created_at|taipei).strftime('%Y-%m-%d') }}
2025-12-24T06:52:08.555635470Z [err]      ^^^^^^^^^^^^^^^^^^^^^^^^
2025-12-24T06:52:08.555642744Z [err]  jinja2.exceptions.TemplateAssertionError: No filter named 'taipei'.
2025-12-24T07:08:34.777721474Z [inf]  INFO:     100.64.0.5:30840 - "GET / HTTP/1.1" 200 OK
2025-12-24T07:37:15.340426390Z [inf]  INFO:     100.64.0.6:21982 - "GET / HTTP/1.1" 200 OK
2025-12-24T07:37:15.457052804Z [inf]  INFO:     100.64.0.6:21982 - "GET /static/images/sela-logo.svg HTTP/1.1" 304 Not Modified
2025-12-24T07:37:17.476890272Z [inf]  INFO:     100.64.0.6:21982 - "GET /auth/login HTTP/1.1" 307 Temporary Redirect
2025-12-24T07:37:20.684549913Z [err]  2025-12-24 07:37:20,682 - auth - INFO - [14491ec6] === 登入開始 ===
2025-12-24T07:37:20.684555574Z [err]  2025-12-24 07:37:20,682 - auth - INFO - [14491ec6] IP: 100.64.0.6
2025-12-24T07:37:20.684562166Z [err]  2025-12-24 07:37:20,682 - auth - INFO - [14491ec6] State received: -Z9GDg9k...
2025-12-24T07:37:20.684569411Z [err]  2025-12-24 07:37:20,682 - auth - INFO - [14491ec6] State saved: -Z9GDg9k...
2025-12-24T07:37:20.684576909Z [err]  2025-12-24 07:37:20,682 - auth - INFO - [14491ec6] State 驗證通過
2025-12-24T07:37:21.500661541Z [err]  2025-12-24 07:37:21,117 - httpx - INFO - HTTP Request: POST https://api.line.me/oauth2/v2.1/token "HTTP/1.1 200 OK"
2025-12-24T07:37:21.500668167Z [err]  2025-12-24 07:37:21,119 - auth - INFO - [14491ec6] LINE token 取得成功
2025-12-24T07:37:22.507499885Z [err]  2025-12-24 07:37:22,139 - auth - INFO - [14491ec6] === 登入完成：Sela (id=1) ===
2025-12-24T07:37:22.507512859Z [err]  2025-12-24 07:37:22,139 - auth - INFO - [14491ec6] 導向到: /home
2025-12-24T07:37:22.507520732Z [inf]  INFO:     100.64.0.6:21982 - "GET /auth/callback?code=3VtM1lNjzxrXQVBsWfEP&state=-Z9GDg9kGM8Ygu7UYK5tgKRQqTTDx4GULiwke8UrA_0 HTTP/1.1" 302 Found
2025-12-24T07:37:22.507526498Z [err]  2025-12-24 07:37:22,121 - httpx - INFO - HTTP Request: GET https://api.line.me/v2/profile "HTTP/1.1 200 OK"
2025-12-24T07:37:22.507530808Z [inf]  INFO:     100.64.0.6:21982 - "GET /home HTTP/1.1" 200 OK
2025-12-24T07:37:22.507548968Z [err]  2025-12-24 07:37:22,122 - auth - INFO - [14491ec6] LINE Profile: user_id=U0f094e8..., name=Sela
2025-12-24T07:37:22.507556218Z [err]  2025-12-24 07:37:22,126 - auth - INFO - 找到現有用戶：id=1, line_user_id=U0f094e8..., 舊名=Sela, 新名=Sela
2025-12-24T07:37:22.507563659Z [err]  2025-12-24 07:37:22,137 - auth - INFO - [14491ec6] DB User: id=1, line_user_id=U0f094e8..., name=Sela
2025-12-24T07:37:22.507571239Z [err]  2025-12-24 07:37:22,139 - auth - INFO - [14491ec6] Token 建立成功（版本：1）
2025-12-24T07:37:25.408543621Z [inf]  INFO:     100.64.0.6:21982 - "GET /home/groups HTTP/1.1" 200 OK
2025-12-24T07:37:27.450707031Z [inf]  INFO:     100.64.0.6:21982 - "GET /home/groups HTTP/1.1" 200 OK
2025-12-24T07:37:29.873016860Z [inf]  INFO:     100.64.0.6:21982 - "GET /home/groups HTTP/1.1" 200 OK
2025-12-24T07:37:30.820716308Z [inf]  INFO:     100.64.0.6:21982 - "GET /admin HTTP/1.1" 200 OK
2025-12-24T07:37:32.731344890Z [inf]  INFO:     100.64.0.6:21982 - "GET /admin/stores HTTP/1.1" 200 OK
2025-12-24T07:37:52.739165958Z [inf]  INFO:     100.64.0.6:56828 - "GET /admin HTTP/1.1" 200 OK
2025-12-24T07:37:52.739176191Z [inf]  INFO:     100.64.0.6:56828 - "GET /admin/users HTTP/1.1" 500 Internal Server Error
2025-12-24T07:37:52.739183089Z [err]  ERROR:    Exception in ASGI application
2025-12-24T07:37:52.739189406Z [err]  Traceback (most recent call last):
2025-12-24T07:37:52.739196446Z [err]    File "/opt/venv/lib/python3.12/site-packages/uvicorn/protocols/http/httptools_impl.py", line 416, in run_asgi
2025-12-24T07:37:52.739202871Z [err]      result = await app(  # type: ignore[func-returns-value]
2025-12-24T07:37:52.739208808Z [err]               ^^^^^^^^^^^^^^^^^^^^^^^^^^^^^^^^^^^^^^^^^^^^^^
2025-12-24T07:37:52.739214684Z [err]    File "/opt/venv/lib/python3.12/site-packages/uvicorn/middleware/proxy_headers.py", line 60, in __call__
2025-12-24T07:37:52.739223050Z [err]      return await self.app(scope, receive, send)
2025-12-24T07:37:52.739232918Z [err]             ^^^^^^^^^^^^^^^^^^^^^^^^^^^^^^^^^^^^
2025-12-24T07:37:52.739238292Z [err]    File "/opt/venv/lib/python3.12/site-packages/fastapi/applications.py", line 1135, in __call__
2025-12-24T07:37:52.739246944Z [err]      await super().__call__(scope, receive, send)
2025-12-24T07:37:52.739256026Z [err]    File "/opt/venv/lib/python3.12/site-packages/starlette/applications.py", line 107, in __call__
2025-12-24T07:37:52.739402799Z [err]      await self.middleware_stack(scope, receive, send)
2025-12-24T07:37:52.739412925Z [err]    File "/opt/venv/lib/python3.12/site-packages/starlette/middleware/errors.py", line 186, in __call__
2025-12-24T07:37:52.739422474Z [err]      raise exc
2025-12-24T07:37:52.739431602Z [err]    File "/opt/venv/lib/python3.12/site-packages/starlette/middleware/errors.py", line 164, in __call__
2025-12-24T07:37:52.739437192Z [err]      await self.app(scope, receive, _send)
2025-12-24T07:37:52.739443058Z [err]    File "/opt/venv/lib/python3.12/site-packages/starlette/middleware/exceptions.py", line 63, in __call__
2025-12-24T07:37:52.741623184Z [err]      await wrap_app_handling_exceptions(self.app, conn)(scope, receive, send)
2025-12-24T07:37:52.741631335Z [err]    File "/opt/venv/lib/python3.12/site-packages/starlette/_exception_handler.py", line 53, in wrapped_app
2025-12-24T07:37:52.741637470Z [err]      raise exc
2025-12-24T07:37:52.741642336Z [err]    File "/opt/venv/lib/python3.12/site-packages/starlette/_exception_handler.py", line 42, in wrapped_app
2025-12-24T07:37:52.741647402Z [err]      await app(scope, receive, sender)
2025-12-24T07:37:52.741652897Z [err]    File "/opt/venv/lib/python3.12/site-packages/fastapi/middleware/asyncexitstack.py", line 18, in __call__
2025-12-24T07:37:52.741657812Z [err]      await self.app(scope, receive, send)
2025-12-24T07:37:52.741662652Z [err]    File "/opt/venv/lib/python3.12/site-packages/starlette/routing.py", line 716, in __call__
2025-12-24T07:37:52.741667079Z [err]      await self.middleware_stack(scope, receive, send)
2025-12-24T07:37:52.741672319Z [err]    File "/opt/venv/lib/python3.12/site-packages/starlette/routing.py", line 736, in app
2025-12-24T07:37:52.741676318Z [err]      await route.handle(scope, receive, send)
2025-12-24T07:37:52.741681181Z [err]    File "/opt/venv/lib/python3.12/site-packages/starlette/routing.py", line 290, in handle
2025-12-24T07:37:52.741685433Z [err]      await self.app(scope, receive, send)
2025-12-24T07:37:52.741689927Z [err]    File "/opt/venv/lib/python3.12/site-packages/fastapi/routing.py", line 119, in app
2025-12-24T07:37:52.741694130Z [err]      await wrap_app_handling_exceptions(app, request)(scope, receive, send)
2025-12-24T07:37:52.741698634Z [err]    File "/opt/venv/lib/python3.12/site-packages/starlette/_exception_handler.py", line 53, in wrapped_app
2025-12-24T07:37:52.741703153Z [err]      raise exc
2025-12-24T07:37:52.741708275Z [err]    File "/opt/venv/lib/python3.12/site-packages/starlette/_exception_handler.py", line 42, in wrapped_app
2025-12-24T07:37:52.744779803Z [err]      return templates.TemplateResponse("admin/users.html", {
2025-12-24T07:37:52.744790210Z [err]      await app(scope, receive, sender)
2025-12-24T07:37:52.744793408Z [err]             ^^^^^^^^^^^^^^^^^^^^^^^^^^^^^^^^^^^^^^^^^^^^^^^^
2025-12-24T07:37:52.744801174Z [err]    File "/opt/venv/lib/python3.12/site-packages/fastapi/routing.py", line 105, in app
2025-12-24T07:37:52.744803295Z [err]    File "/opt/venv/lib/python3.12/site-packages/starlette/templating.py", line 209, in TemplateResponse
2025-12-24T07:37:52.744811295Z [err]      template = self.get_template(name)
2025-12-24T07:37:52.744814930Z [err]      response = await f(request)
2025-12-24T07:37:52.744820873Z [err]                 ^^^^^^^^^^^^^^^^
2025-12-24T07:37:52.744825367Z [err]    File "/opt/venv/lib/python3.12/site-packages/fastapi/routing.py", line 426, in app
2025-12-24T07:37:52.744829379Z [err]      raw_response = await run_endpoint_function(
2025-12-24T07:37:52.744833709Z [err]                     ^^^^^^^^^^^^^^^^^^^^^^^^^^^^
2025-12-24T07:37:52.744838630Z [err]    File "/opt/venv/lib/python3.12/site-packages/fastapi/routing.py", line 312, in run_endpoint_function
2025-12-24T07:37:52.744845218Z [err]      return await dependant.call(**values)
2025-12-24T07:37:52.744850334Z [err]             ^^^^^^^^^^^^^^^^^^^^^^^^^^^^^^
2025-12-24T07:37:52.744855522Z [err]    File "/app/app/routers/admin.py", line 335, in user_list
2025-12-24T07:37:52.744900486Z [err]                 ^^^^^^^^^^^^^^^^^^^^^^^
2025-12-24T07:37:52.744911673Z [err]    File "/opt/venv/lib/python3.12/site-packages/starlette/templating.py", line 132, in get_template
2025-12-24T07:37:52.744917324Z [err]      return self.env.get_template(name)
2025-12-24T07:37:52.744924242Z [err]             ^^^^^^^^^^^^^^^^^^^^^^^^^^^
2025-12-24T07:37:52.744932959Z [err]    File "/opt/venv/lib/python3.12/site-packages/jinja2/environment.py", line 1016, in get_template
2025-12-24T07:37:52.747761947Z [err]      return self._load_template(name, globals)
2025-12-24T07:37:52.747770055Z [err]      ・加入 {{ (u.created_at|taipei).strftime('%Y-%m-%d') }}
2025-12-24T07:37:52.747772469Z [err]             ^^^^^^^^^^^^^^^^^^^^^^^^^^^^^^^^^^
2025-12-24T07:37:52.747779756Z [err]    File "/opt/venv/lib/python3.12/site-packages/jinja2/environment.py", line 975, in _load_template
2025-12-24T07:37:52.747782856Z [err]      ^^^^^^^^^^^^^^^^^^^^^^^^
2025-12-24T07:37:52.747786524Z [err]      template = self.loader.load(self, name, self.make_globals(globals))
2025-12-24T07:37:52.747792566Z [err]  jinja2.exceptions.TemplateAssertionError: No filter named 'taipei'.
2025-12-24T07:37:52.747792773Z [err]                 ^^^^^^^^^^^^^^^^^^^^^^^^^^^^^^^^^^^^^^^^^^^^^^^^^^^^^^^^
2025-12-24T07:37:52.747811294Z [err]    File "/opt/venv/lib/python3.12/site-packages/jinja2/loaders.py", line 138, in load
2025-12-24T07:37:52.747822190Z [err]      code = environment.compile(source, name, filename)
2025-12-24T07:37:52.747833897Z [err]             ^^^^^^^^^^^^^^^^^^^^^^^^^^^^^^^^^^^^^^^^^^^
2025-12-24T07:37:52.747841866Z [err]    File "/opt/venv/lib/python3.12/site-packages/jinja2/environment.py", line 771, in compile
2025-12-24T07:37:52.747849866Z [err]      self.handle_exception(source=source_hint)
2025-12-24T07:37:52.747855940Z [err]    File "/opt/venv/lib/python3.12/site-packages/jinja2/environment.py", line 942, in handle_exception
2025-12-24T07:37:52.747861251Z [err]      raise rewrite_traceback_stack(source=source)
2025-12-24T07:37:52.747866374Z [err]    File "app/templates/admin/users.html", line 79, in template
2025-12-24T07:38:22.776712554Z [inf]  INFO:     100.64.0.6:29006 - "POST /auth/heartbeat HTTP/1.1" 200 OK
2025-12-24T07:38:22.776719474Z [inf]  INFO:     100.64.0.6:29006 - "GET /admin/stores HTTP/1.1" 200 OK
2025-12-24T07:38:22.776725515Z [inf]  INFO:     100.64.0.6:29006 - "GET /admin HTTP/1.1" 200 OK
2025-12-24T07:38:24.190566594Z [inf]  INFO:     100.64.0.6:29006 - "GET /admin/stores HTTP/1.1" 200 OK
2025-12-24T07:38:25.766426493Z [inf]  INFO:     100.64.0.6:29006 - "GET /home HTTP/1.1" 200 OK
2025-12-24T07:38:27.076047204Z [inf]  INFO:     100.64.0.6:29006 - "GET /groups/13 HTTP/1.1" 200 OK
2025-12-24T07:38:27.871876262Z [inf]  INFO:     100.64.0.6:29006 - "GET /groups/13/orders/mine HTTP/1.1" 200 OK
2025-12-24T07:38:27.871880161Z [inf]  INFO:     100.64.0.6:38244 - "GET /groups/13/orders/wall HTTP/1.1" 200 OK
2025-12-24T07:38:27.871883990Z [inf]  INFO:     100.64.0.6:38246 - "GET /groups/13/qrcode HTTP/1.1" 200 OK
2025-12-24T07:38:27.906435752Z [inf]  INFO:     100.64.0.6:29006 - "GET /groups/13/orders/mine HTTP/1.1" 200 OK
2025-12-24T07:38:36.100920922Z [inf]  INFO:     100.64.0.6:37582 - "POST /groups/13/close HTTP/1.1" 302 Found
2025-12-24T07:38:36.372939771Z [inf]  INFO:     100.64.0.6:37582 - "GET /groups/13 HTTP/1.1" 200 OK
2025-12-24T07:38:36.925335670Z [inf]  INFO:     100.64.0.6:37582 - "GET /groups/13/orders/wall HTTP/1.1" 200 OK
2025-12-24T07:38:36.940055901Z [inf]  INFO:     100.64.0.6:37598 - "GET /groups/13/qrcode HTTP/1.1" 200 OK
2025-12-24T07:38:36.965091680Z [inf]  INFO:     100.64.0.6:37586 - "GET /groups/13/orders/mine HTTP/1.1" 200 OK
2025-12-24T07:38:38.324243413Z [inf]  INFO:     100.64.0.6:37586 - "GET /home HTTP/1.1" 200 OK
2025-12-24T07:38:40.946766674Z [inf]  INFO:     100.64.0.6:37586 - "GET /home/groups HTTP/1.1" 200 OK
2025-12-24T07:38:43.209029046Z [inf]  INFO:     100.64.0.6:37586 - "GET /home/groups HTTP/1.1" 200 OK
2025-12-24T07:38:46.038060772Z [inf]  INFO:     100.64.0.6:37586 - "GET /home/groups HTTP/1.1" 200 OK
2025-12-24T07:38:49.004765638Z [inf]  INFO:     100.64.0.6:37586 - "POST /auth/heartbeat HTTP/1.1" 200 OK
2025-12-24T07:38:49.004773707Z [inf]  INFO:     100.64.0.6:48432 - "GET /home/groups HTTP/1.1" 200 OK
2025-12-24T07:38:50.172562533Z [inf]  INFO:     100.64.0.6:48432 - "GET /admin HTTP/1.1" 200 OK
2025-12-24T07:38:52.282449159Z [inf]  INFO:     100.64.0.6:48432 - "GET /admin/stores HTTP/1.1" 200 OK
2025-12-24T07:38:55.275727286Z [inf]  INFO:     100.64.0.6:48432 - "GET /admin/stores/8/edit HTTP/1.1" 200 OK
2025-12-24T07:39:00.169106164Z [err]  The above exception was the direct cause of the following exception:
2025-12-24T07:39:00.169114923Z [err]  
2025-12-24T07:39:00.169119782Z [err]  Traceback (most recent call last):
2025-12-24T07:39:00.169179883Z [err]    File "/opt/venv/lib/python3.12/site-packages/uvicorn/protocols/http/httptools_impl.py", line 416, in run_asgi
2025-12-24T07:39:00.169190476Z [err]      result = await app(  # type: ignore[func-returns-value]
2025-12-24T07:39:00.169197249Z [err]               ^^^^^^^^^^^^^^^^^^^^^^^^^^^^^^^^^^^^^^^^^^^^^^
2025-12-24T07:39:00.169204998Z [err]    File "/opt/venv/lib/python3.12/site-packages/uvicorn/middleware/proxy_headers.py", line 60, in __call__
2025-12-24T07:39:00.169211157Z [err]      return await self.app(scope, receive, send)
2025-12-24T07:39:00.169218416Z [err]             ^^^^^^^^^^^^^^^^^^^^^^^^^^^^^^^^^^^^
2025-12-24T07:39:00.169249607Z [inf]  INFO:     100.64.0.6:48432 - "POST /admin/stores/8/edit HTTP/1.1" 500 Internal Server Error
2025-12-24T07:39:00.169254470Z [err]  ERROR:    Exception in ASGI application
2025-12-24T07:39:00.169258706Z [err]  Traceback (most recent call last):
2025-12-24T07:39:00.169263119Z [err]    File "/opt/venv/lib/python3.12/site-packages/sqlalchemy/engine/base.py", line 1967, in _exec_single_context
2025-12-24T07:39:00.169267723Z [err]      self.dialect.do_execute(
2025-12-24T07:39:00.169273649Z [err]    File "/opt/venv/lib/python3.12/site-packages/sqlalchemy/engine/default.py", line 952, in do_execute
2025-12-24T07:39:00.169279866Z [err]      cursor.execute(statement, parameters)
2025-12-24T07:39:00.169284923Z [err]  psycopg2.errors.InvalidTextRepresentation: invalid input value for enum categorytype: "GROUP_BUY"
2025-12-24T07:39:00.169289287Z [err]  LINE 1: UPDATE stores SET category='GROUP_BUY' WHERE stores.id = 8
2025-12-24T07:39:00.169293874Z [err]                                     ^
2025-12-24T07:39:00.169319800Z [err]  
2025-12-24T07:39:00.169326041Z [err]  
2025-12-24T07:39:00.438887200Z [err]    File "/opt/venv/lib/python3.12/site-packages/fastapi/applications.py", line 1135, in __call__
2025-12-24T07:39:00.438900495Z [err]      await super().__call__(scope, receive, send)
2025-12-24T07:39:00.438907451Z [err]    File "/opt/venv/lib/python3.12/site-packages/starlette/applications.py", line 107, in __call__
2025-12-24T07:39:00.438912993Z [err]      await self.middleware_stack(scope, receive, send)
2025-12-24T07:39:00.438918343Z [err]    File "/opt/venv/lib/python3.12/site-packages/starlette/middleware/errors.py", line 186, in __call__
2025-12-24T07:39:00.438923639Z [err]      raise exc
2025-12-24T07:39:00.438928624Z [err]    File "/opt/venv/lib/python3.12/site-packages/starlette/middleware/errors.py", line 164, in __call__
2025-12-24T07:39:00.438933340Z [err]      await self.app(scope, receive, _send)
2025-12-24T07:39:00.438938768Z [err]    File "/opt/venv/lib/python3.12/site-packages/starlette/middleware/exceptions.py", line 63, in __call__
2025-12-24T07:39:00.438944558Z [err]      await wrap_app_handling_exceptions(self.app, conn)(scope, receive, send)
2025-12-24T07:39:00.438950519Z [err]    File "/opt/venv/lib/python3.12/site-packages/starlette/_exception_handler.py", line 53, in wrapped_app
2025-12-24T07:39:00.438956131Z [err]      raise exc
2025-12-24T07:39:00.438962746Z [err]    File "/opt/venv/lib/python3.12/site-packages/starlette/_exception_handler.py", line 42, in wrapped_app
2025-12-24T07:39:00.438968067Z [err]      await app(scope, receive, sender)
2025-12-24T07:39:00.438972980Z [err]    File "/opt/venv/lib/python3.12/site-packages/fastapi/middleware/asyncexitstack.py", line 18, in __call__
2025-12-24T07:39:00.438977748Z [err]      await self.app(scope, receive, send)
2025-12-24T07:39:00.438982492Z [err]    File "/opt/venv/lib/python3.12/site-packages/starlette/routing.py", line 716, in __call__
2025-12-24T07:39:00.438987915Z [err]      await self.middleware_stack(scope, receive, send)
2025-12-24T07:39:00.439137169Z [err]           ^^^^^^^^^^^^^^^^^^^
2025-12-24T07:39:00.439141766Z [err]    File "/opt/venv/lib/python3.12/site-packages/starlette/routing.py", line 736, in app
2025-12-24T07:39:00.439143842Z [err]      raise exc_value.with_traceback(exc_tb)
2025-12-24T07:39:00.439148148Z [err]      await route.handle(scope, receive, send)
2025-12-24T07:39:00.439151187Z [err]    File "/opt/venv/lib/python3.12/site-packages/sqlalchemy/util/langhelpers.py", line 224, in __exit__
2025-12-24T07:39:00.439157901Z [err]    File "/opt/venv/lib/python3.12/site-packages/sqlalchemy/orm/session.py", line 4427, in _flush
2025-12-24T07:39:00.439159095Z [err]    File "/opt/venv/lib/python3.12/site-packages/starlette/routing.py", line 290, in handle
2025-12-24T07:39:00.439163352Z [err]          ^^^^^^^^^^^^^^^^^^^
2025-12-24T07:39:00.439166204Z [err]      await self.app(scope, receive, send)
2025-12-24T07:39:00.439168453Z [err]      flush_context.execute()
2025-12-24T07:39:00.439171778Z [err]    File "/opt/venv/lib/python3.12/site-packages/fastapi/routing.py", line 119, in app
2025-12-24T07:39:00.439177084Z [err]    File "/opt/venv/lib/python3.12/site-packages/sqlalchemy/engine/base.py", line 1419, in execute
2025-12-24T07:39:00.439177713Z [err]      await wrap_app_handling_exceptions(app, request)(scope, receive, send)
2025-12-24T07:39:00.439178296Z [err]    File "/opt/venv/lib/python3.12/site-packages/sqlalchemy/orm/unitofwork.py", line 466, in execute
2025-12-24T07:39:00.439183772Z [err]    File "/opt/venv/lib/python3.12/site-packages/starlette/_exception_handler.py", line 53, in wrapped_app
2025-12-24T07:39:00.439186923Z [err]      return meth(
2025-12-24T07:39:00.439187826Z [err]      rec.execute(self)
2025-12-24T07:39:00.439190720Z [err]      raise exc
2025-12-24T07:39:00.439196974Z [err]             ^^^^^
2025-12-24T07:39:00.439197787Z [err]    File "/opt/venv/lib/python3.12/site-packages/starlette/_exception_handler.py", line 42, in wrapped_app
2025-12-24T07:39:00.439201148Z [err]    File "/opt/venv/lib/python3.12/site-packages/sqlalchemy/orm/unitofwork.py", line 642, in execute
2025-12-24T07:39:00.439204570Z [err]      await app(scope, receive, sender)
2025-12-24T07:39:00.439207210Z [err]    File "/opt/venv/lib/python3.12/site-packages/sqlalchemy/sql/elements.py", line 527, in _execute_on_connection
2025-12-24T07:39:00.439210507Z [err]    File "/opt/venv/lib/python3.12/site-packages/fastapi/routing.py", line 105, in app
2025-12-24T07:39:00.439218614Z [err]      return connection._execute_clauseelement(
2025-12-24T07:39:00.439218674Z [err]      response = await f(request)
2025-12-24T07:39:00.439219810Z [err]      util.preloaded.orm_persistence.save_obj(
2025-12-24T07:39:00.439225655Z [err]                 ^^^^^^^^^^^^^^^^
2025-12-24T07:39:00.439228111Z [err]             ^^^^^^^^^^^^^^^^^^^^^^^^^^^^^^^^^^
2025-12-24T07:39:00.439231151Z [err]    File "/opt/venv/lib/python3.12/site-packages/sqlalchemy/orm/persistence.py", line 85, in save_obj
2025-12-24T07:39:00.439232623Z [err]    File "/opt/venv/lib/python3.12/site-packages/fastapi/routing.py", line 426, in app
2025-12-24T07:39:00.439236740Z [err]    File "/opt/venv/lib/python3.12/site-packages/sqlalchemy/engine/base.py", line 1641, in _execute_clauseelement
2025-12-24T07:39:00.439239863Z [err]      raw_response = await run_endpoint_function(
2025-12-24T07:39:00.439245994Z [err]      ret = self._execute_context(
2025-12-24T07:39:00.439246364Z [err]      _emit_update_statements(
2025-12-24T07:39:00.439247805Z [err]                     ^^^^^^^^^^^^^^^^^^^^^^^^^^^^
2025-12-24T07:39:00.439256444Z [err]    File "/opt/venv/lib/python3.12/site-packages/sqlalchemy/orm/persistence.py", line 912, in _emit_update_statements
2025-12-24T07:39:00.439257795Z [err]    File "/opt/venv/lib/python3.12/site-packages/fastapi/routing.py", line 312, in run_endpoint_function
2025-12-24T07:39:00.439265484Z [err]      return await dependant.call(**values)
2025-12-24T07:39:00.439266218Z [err]      c = connection.execute(
2025-12-24T07:39:00.439273251Z [err]             ^^^^^^^^^^^^^^^^^^^^^^^^^^^^^^
2025-12-24T07:39:00.439281154Z [err]    File "/app/app/routers/admin.py", line 310, in update_store
2025-12-24T07:39:00.439287852Z [err]    File "/opt/venv/lib/python3.12/site-packages/sqlalchemy/engine/base.py", line 1846, in _execute_context
2025-12-24T07:39:00.439293727Z [err]    File "/opt/venv/lib/python3.12/site-packages/sqlalchemy/engine/default.py", line 952, in do_execute
2025-12-24T07:39:00.439298844Z [err]      return self._exec_single_context(
2025-12-24T07:39:00.439306120Z [err]      cursor.execute(statement, parameters)
2025-12-24T07:39:00.439308039Z [err]             ^^^^^^^^^^^^^^^^^^^^^^^^^^
2025-12-24T07:39:00.439316510Z [err]  sqlalchemy.exc.DataError: (psycopg2.errors.InvalidTextRepresentation) invalid input value for enum categorytype: "GROUP_BUY"
2025-12-24T07:39:00.439317817Z [err]    File "/opt/venv/lib/python3.12/site-packages/sqlalchemy/engine/base.py", line 1986, in _exec_single_context
2025-12-24T07:39:00.439327022Z [err]      self._handle_dbapi_exception(
2025-12-24T07:39:00.439327418Z [err]  LINE 1: UPDATE stores SET category='GROUP_BUY' WHERE stores.id = 8
2025-12-24T07:39:00.439335305Z [err]    File "/opt/venv/lib/python3.12/site-packages/sqlalchemy/engine/base.py", line 2363, in _handle_dbapi_exception
2025-12-24T07:39:00.439338782Z [err]                                     ^
2025-12-24T07:39:00.439361858Z [err]    File "/opt/venv/lib/python3.12/site-packages/sqlalchemy/orm/session.py", line 1286, in _prepare_impl
2025-12-24T07:39:00.439362511Z [err]      raise sqlalchemy_exception.with_traceback(exc_info[2]) from e
2025-12-24T07:39:00.439370954Z [err]      self.session.flush()
2025-12-24T07:39:00.439374032Z [err]    File "/opt/venv/lib/python3.12/site-packages/sqlalchemy/engine/base.py", line 1967, in _exec_single_context
2025-12-24T07:39:00.439379275Z [err]    File "/opt/venv/lib/python3.12/site-packages/sqlalchemy/orm/session.py", line 4331, in flush
2025-12-24T07:39:00.439384504Z [err]      self.dialect.do_execute(
2025-12-24T07:39:00.439387822Z [err]      self._flush(objects)
2025-12-24T07:39:00.439394252Z [err]    File "/opt/venv/lib/python3.12/site-packages/sqlalchemy/orm/session.py", line 4466, in _flush
2025-12-24T07:39:00.439400939Z [err]      with util.safe_reraise():
2025-12-24T07:39:00.439524591Z [err]      db.commit()
2025-12-24T07:39:00.439536445Z [err]    File "/opt/venv/lib/python3.12/site-packages/sqlalchemy/orm/session.py", line 2030, in commit
2025-12-24T07:39:00.439543843Z [err]      trans.commit(_to_root=True)
2025-12-24T07:39:00.439550521Z [err]    File "<string>", line 2, in commit
2025-12-24T07:39:00.439559205Z [err]    File "/opt/venv/lib/python3.12/site-packages/sqlalchemy/orm/state_changes.py", line 137, in _go
2025-12-24T07:39:00.439565757Z [err]      ret_value = fn(self, *arg, **kw)
2025-12-24T07:39:00.439572142Z [err]                  ^^^^^^^^^^^^^^^^^^^^
2025-12-24T07:39:00.439578731Z [err]    File "/opt/venv/lib/python3.12/site-packages/sqlalchemy/orm/session.py", line 1311, in commit
2025-12-24T07:39:00.439585345Z [err]      self._prepare_impl()
2025-12-24T07:39:00.439593524Z [err]    File "<string>", line 2, in _prepare_impl
2025-12-24T07:39:00.439596695Z [err]            ^^^^^^^^^^^^^^^^^^^^^^
2025-12-24T07:39:00.439601630Z [err]    File "/opt/venv/lib/python3.12/site-packages/sqlalchemy/orm/state_changes.py", line 137, in _go
2025-12-24T07:39:00.439610161Z [err]      ret_value = fn(self, *arg, **kw)
2025-12-24T07:39:00.439616401Z [err]                  ^^^^^^^^^^^^^^^^^^^^
2025-12-24T07:39:00.439619136Z [err]  
2025-12-24T07:39:00.439627097Z [err]  [SQL: UPDATE stores SET category=%(category)s WHERE stores.id = %(stores_id)s]
2025-12-24T07:39:00.439633420Z [err]  [parameters: {'category': 'GROUP_BUY', 'stores_id': 8}]
2025-12-24T07:39:00.439639751Z [err]  (Background on this error at: https://sqlalche.me/e/20/9h9h)
2025-12-24T07:39:07.114797793Z [inf]  INFO:     100.64.0.6:41342 - "GET /home HTTP/1.1" 200 OK
2025-12-24T07:39:10.215816073Z [inf]  INFO:     100.64.0.6:41342 - "GET /home/groups HTTP/1.1" 200 OK
2025-12-24T07:39:12.300703533Z [inf]  INFO:     100.64.0.6:41342 - "GET /home/groups HTTP/1.1" 200 OK
2025-12-24T07:39:14.665576168Z [inf]  INFO:     100.64.0.6:41342 - "GET /home/groups HTTP/1.1" 200 OK
2025-12-24T07:39:17.308024348Z [inf]  INFO:     100.64.0.6:41342 - "GET /home/groups HTTP/1.1" 200 OK
2025-12-24T07:39:19.600566704Z [inf]  INFO:     100.64.0.6:41342 - "GET /home/groups HTTP/1.1" 200 OK
2025-12-24T07:39:22.284295967Z [inf]  INFO:     100.64.0.6:41342 - "GET /home/groups HTTP/1.1" 200 OK
2025-12-24T07:39:24.573566853Z [inf]  INFO:     100.64.0.6:41342 - "GET /home/groups HTTP/1.1" 200 OK
2025-12-24T07:39:27.346868764Z [inf]  INFO:     100.64.0.6:41342 - "GET /home/groups HTTP/1.1" 200 OK
2025-12-24T07:39:29.475807852Z [inf]  INFO:     100.64.0.6:41342 - "GET /home/groups HTTP/1.1" 200 OK
2025-12-24T07:39:32.378999541Z [inf]  INFO:     100.64.0.6:41342 - "GET /home/groups HTTP/1.1" 200 OK
2025-12-24T07:39:34.436781257Z [inf]  INFO:     100.64.0.6:41342 - "GET /home/groups HTTP/1.1" 200 OK
2025-12-24T07:39:36.794366526Z [inf]  INFO:     100.64.0.6:41342 - "GET /home/groups HTTP/1.1" 200 OK
2025-12-24T07:39:39.417418785Z [inf]  INFO:     100.64.0.6:41342 - "GET /home/groups HTTP/1.1" 200 OK
2025-12-24T07:39:41.692398144Z [inf]  INFO:     100.64.0.6:41342 - "GET /home/groups HTTP/1.1" 200 OK
2025-12-24T07:39:44.332255780Z [inf]  INFO:     100.64.0.6:41342 - "GET /home/groups HTTP/1.1" 200 OK
2025-12-24T07:39:46.578077773Z [inf]  INFO:     100.64.0.6:41342 - "GET /home/groups HTTP/1.1" 200 OK
2025-12-24T07:39:49.483759978Z [inf]  INFO:     100.64.0.6:41342 - "GET /home/groups HTTP/1.1" 200 OK
2025-12-24T07:39:51.506200596Z [inf]  INFO:     100.64.0.6:41342 - "GET /home/groups HTTP/1.1" 200 OK
2025-12-24T07:39:53.951583498Z [inf]  INFO:     100.64.0.6:41342 - "GET /home/groups HTTP/1.1" 200 OK
2025-12-24T07:39:56.978481580Z [inf]  INFO:     100.64.0.6:41342 - "GET /home/groups HTTP/1.1" 200 OK