2025-12-24T04:21:39.000000000Z [inf]  Starting Container
2025-12-24T04:21:40.981074659Z [err]  INFO:     Started server process [1]
2025-12-24T04:21:40.981084691Z [err]  INFO:     Waiting for application startup.
2025-12-24T04:21:41.119023457Z [inf]  Column order_items.size check: OK
2025-12-24T04:21:41.129938067Z [inf]  Column order_items.created_at check: OK
2025-12-24T04:21:41.151473967Z [inf]  Column menu_items.price_l check: OK
2025-12-24T04:21:41.162483156Z [inf]  Column stores.phone check: OK
2025-12-24T04:21:41.182570353Z [inf]  Column stores.branch check: OK
2025-12-24T04:21:41.193276545Z [inf]  Column groups.branch_id check: OK
2025-12-24T04:21:41.214603152Z [inf]  Column groups.note check: OK
2025-12-24T04:21:41.225697405Z [inf]  Column users.nickname check: OK
2025-12-24T04:21:41.246806531Z [inf]  Column users.last_login_at check: OK
2025-12-24T04:21:41.257758400Z [inf]  Column users.last_active_at check: OK
2025-12-24T04:21:41.279112510Z [inf]  Added enum value: categorytype.group_buy
2025-12-24T04:21:41.295062594Z [inf]  system_settings check: OK
2025-12-24T04:21:41.298468900Z [err]  INFO:     Application startup complete.
2025-12-24T04:21:41.303031702Z [err]  INFO:     Uvicorn running on http://0.0.0.0:8080 (Press CTRL+C to quit)
2025-12-24T04:21:41.553527056Z [inf]  INFO:     100.64.0.2:36809 - "GET / HTTP/1.1" 200 OK
2025-12-24T04:21:48.040021261Z [inf]  INFO:     100.64.0.3:16690 - "GET / HTTP/1.1" 302 Found
2025-12-24T04:21:48.220725961Z [err]             ^^^^^^^^^^^^^^^^^^^^^^^^^^^^^^^^^^^^
2025-12-24T04:21:48.220735813Z [err]    File "/opt/venv/lib/python3.12/site-packages/fastapi/applications.py", line 1135, in __call__
2025-12-24T04:21:48.220738299Z [inf]  INFO:     100.64.0.3:16690 - "GET /home HTTP/1.1" 500 Internal Server Error
2025-12-24T04:21:48.220742723Z [err]  ERROR:    Exception in ASGI application
2025-12-24T04:21:48.220747284Z [err]  Traceback (most recent call last):
2025-12-24T04:21:48.220754523Z [err]    File "/opt/venv/lib/python3.12/site-packages/sqlalchemy/engine/base.py", line 1967, in _exec_single_context
2025-12-24T04:21:48.220760615Z [err]      self.dialect.do_execute(
2025-12-24T04:21:48.220764802Z [err]    File "/opt/venv/lib/python3.12/site-packages/sqlalchemy/engine/default.py", line 952, in do_execute
2025-12-24T04:21:48.220768785Z [err]      cursor.execute(statement, parameters)
2025-12-24T04:21:48.220772582Z [err]  psycopg2.errors.InFailedSqlTransaction: current transaction is aborted, commands ignored until end of transaction block
2025-12-24T04:21:48.220776523Z [err]  
2025-12-24T04:21:48.220780287Z [err]  
2025-12-24T04:21:48.220784099Z [err]  The above exception was the direct cause of the following exception:
2025-12-24T04:21:48.220788615Z [err]  
2025-12-24T04:21:48.220792647Z [err]  Traceback (most recent call last):
2025-12-24T04:21:48.220796252Z [err]    File "/opt/venv/lib/python3.12/site-packages/uvicorn/protocols/http/httptools_impl.py", line 416, in run_asgi
2025-12-24T04:21:48.220799910Z [err]      result = await app(  # type: ignore[func-returns-value]
2025-12-24T04:21:48.220804143Z [err]               ^^^^^^^^^^^^^^^^^^^^^^^^^^^^^^^^^^^^^^^^^^^^^^
2025-12-24T04:21:48.220808775Z [err]    File "/opt/venv/lib/python3.12/site-packages/uvicorn/middleware/proxy_headers.py", line 60, in __call__
2025-12-24T04:21:48.220812845Z [err]      return await self.app(scope, receive, send)
2025-12-24T04:21:48.221516967Z [err]      await super().__call__(scope, receive, send)
2025-12-24T04:21:48.221523210Z [err]    File "/opt/venv/lib/python3.12/site-packages/starlette/applications.py", line 107, in __call__
2025-12-24T04:21:48.221527725Z [err]      await self.middleware_stack(scope, receive, send)
2025-12-24T04:21:48.221533834Z [err]    File "/opt/venv/lib/python3.12/site-packages/starlette/middleware/errors.py", line 186, in __call__
2025-12-24T04:21:48.221535246Z [err]    File "/opt/venv/lib/python3.12/site-packages/starlette/middleware/exceptions.py", line 63, in __call__
2025-12-24T04:21:48.221537622Z [err]    File "/opt/venv/lib/python3.12/site-packages/starlette/routing.py", line 736, in app
2025-12-24T04:21:48.221540985Z [err]      raise exc
2025-12-24T04:21:48.221541323Z [err]    File "/opt/venv/lib/python3.12/site-packages/fastapi/middleware/asyncexitstack.py", line 18, in __call__
2025-12-24T04:21:48.221547575Z [err]      await wrap_app_handling_exceptions(self.app, conn)(scope, receive, send)
2025-12-24T04:21:48.221547961Z [err]    File "/opt/venv/lib/python3.12/site-packages/starlette/middleware/errors.py", line 164, in __call__
2025-12-24T04:21:48.221548221Z [err]      raise exc
2025-12-24T04:21:48.221554810Z [err]      await self.app(scope, receive, send)
2025-12-24T04:21:48.221556310Z [err]      await self.app(scope, receive, _send)
2025-12-24T04:21:48.221556390Z [err]    File "/opt/venv/lib/python3.12/site-packages/starlette/_exception_handler.py", line 53, in wrapped_app
2025-12-24T04:21:48.221559624Z [err]    File "/opt/venv/lib/python3.12/site-packages/starlette/_exception_handler.py", line 42, in wrapped_app
2025-12-24T04:21:48.221560242Z [err]    File "/opt/venv/lib/python3.12/site-packages/starlette/routing.py", line 716, in __call__
2025-12-24T04:21:48.221565935Z [err]      await app(scope, receive, sender)
2025-12-24T04:21:48.221569171Z [err]      await self.middleware_stack(scope, receive, send)
2025-12-24T04:21:48.222183897Z [err]      await route.handle(scope, receive, send)
2025-12-24T04:21:48.222191540Z [err]      ).order_by(Group.deadline.desc()).limit(10).all()
2025-12-24T04:21:48.222193628Z [err]      response = await f(request)
2025-12-24T04:21:48.222197278Z [err]    File "/opt/venv/lib/python3.12/site-packages/starlette/routing.py", line 290, in handle
2025-12-24T04:21:48.222199770Z [err]      raise exc
2025-12-24T04:21:48.222203536Z [err]             ^^^^^^^^^^^^^^^^^^^^^^^^^^^^^^
2025-12-24T04:21:48.222203769Z [err]    File "/opt/venv/lib/python3.12/site-packages/fastapi/routing.py", line 312, in run_endpoint_function
2025-12-24T04:21:48.222204415Z [err]                 ^^^^^^^^^^^^^^^^
2025-12-24T04:21:48.222208851Z [err]      await self.app(scope, receive, send)
2025-12-24T04:21:48.222211757Z [err]    File "/app/app/routers/home.py", line 67, in home
2025-12-24T04:21:48.222213071Z [err]    File "/opt/venv/lib/python3.12/site-packages/starlette/_exception_handler.py", line 42, in wrapped_app
2025-12-24T04:21:48.222213160Z [err]    File "/opt/venv/lib/python3.12/site-packages/fastapi/routing.py", line 426, in app
2025-12-24T04:21:48.222214695Z [err]      return await dependant.call(**values)
2025-12-24T04:21:48.222219423Z [err]    File "/opt/venv/lib/python3.12/site-packages/fastapi/routing.py", line 119, in app
2025-12-24T04:21:48.222224989Z [err]      await app(scope, receive, sender)
2025-12-24T04:21:48.222228967Z [err]      await wrap_app_handling_exceptions(app, request)(scope, receive, send)
2025-12-24T04:21:48.222232702Z [err]      raw_response = await run_endpoint_function(
2025-12-24T04:21:48.222236063Z [err]    File "/opt/venv/lib/python3.12/site-packages/fastapi/routing.py", line 105, in app
2025-12-24T04:21:48.222238948Z [err]    File "/opt/venv/lib/python3.12/site-packages/starlette/_exception_handler.py", line 53, in wrapped_app
2025-12-24T04:21:48.222241910Z [err]                     ^^^^^^^^^^^^^^^^^^^^^^^^^^^^
2025-12-24T04:21:48.223164701Z [err]             ^^^^^
2025-12-24T04:21:48.223169571Z [err]                                                  ^^^^^
2025-12-24T04:21:48.223173227Z [err]    File "/opt/venv/lib/python3.12/site-packages/sqlalchemy/sql/elements.py", line 527, in _execute_on_connection
2025-12-24T04:21:48.223179284Z [err]    File "/opt/venv/lib/python3.12/site-packages/sqlalchemy/orm/query.py", line 2704, in all
2025-12-24T04:21:48.223186182Z [err]      return self._iter().all()  # type: ignore
2025-12-24T04:21:48.223193037Z [err]             ^^^^^^^^^^^^
2025-12-24T04:21:48.223199992Z [err]    File "/opt/venv/lib/python3.12/site-packages/sqlalchemy/orm/query.py", line 2857, in _iter
2025-12-24T04:21:48.223206903Z [err]      result: Union[ScalarResult[_T], Result[_T]] = self.session.execute(
2025-12-24T04:21:48.223213584Z [err]                                                    ^^^^^^^^^^^^^^^^^^^^^
2025-12-24T04:21:48.223220350Z [err]    File "/opt/venv/lib/python3.12/site-packages/sqlalchemy/orm/session.py", line 2351, in execute
2025-12-24T04:21:48.223226957Z [err]      return self._execute_internal(
2025-12-24T04:21:48.223233538Z [err]             ^^^^^^^^^^^^^^^^^^^^^^^
2025-12-24T04:21:48.223240870Z [err]    File "/opt/venv/lib/python3.12/site-packages/sqlalchemy/orm/session.py", line 2249, in _execute_internal
2025-12-24T04:21:48.223247661Z [err]      result: Result[Any] = compile_state_cls.orm_execute_statement(
2025-12-24T04:21:48.223254067Z [err]                            ^^^^^^^^^^^^^^^^^^^^^^^^^^^^^^^^^^^^^^^^
2025-12-24T04:21:48.223260510Z [err]    File "/opt/venv/lib/python3.12/site-packages/sqlalchemy/orm/context.py", line 306, in orm_execute_statement
2025-12-24T04:21:48.223266816Z [err]      result = conn.execute(
2025-12-24T04:21:48.223273456Z [err]               ^^^^^^^^^^^^^
2025-12-24T04:21:48.223280398Z [err]    File "/opt/venv/lib/python3.12/site-packages/sqlalchemy/engine/base.py", line 1419, in execute
2025-12-24T04:21:48.223287519Z [err]      return meth(
2025-12-24T04:21:48.223697457Z [err]      return connection._execute_clauseelement(
2025-12-24T04:21:48.223703318Z [err]             ^^^^^^^^^^^^^^^^^^^^^^^^^^^^^^^^^^
2025-12-24T04:21:48.223704356Z [err]      self.dialect.do_execute(
2025-12-24T04:21:48.223708494Z [err]    File "/opt/venv/lib/python3.12/site-packages/sqlalchemy/engine/base.py", line 1641, in _execute_clauseelement
2025-12-24T04:21:48.223714125Z [err]      ret = self._execute_context(
2025-12-24T04:21:48.223715110Z [err]    File "/opt/venv/lib/python3.12/site-packages/sqlalchemy/engine/default.py", line 952, in do_execute
2025-12-24T04:21:48.223718989Z [err]            ^^^^^^^^^^^^^^^^^^^^^^
2025-12-24T04:21:48.223723517Z [err]      cursor.execute(statement, parameters)
2025-12-24T04:21:48.223726040Z [err]    File "/opt/venv/lib/python3.12/site-packages/sqlalchemy/engine/base.py", line 1846, in _execute_context
2025-12-24T04:21:48.223730987Z [err]      return self._exec_single_context(
2025-12-24T04:21:48.223734600Z [err]             ^^^^^^^^^^^^^^^^^^^^^^^^^^
2025-12-24T04:21:48.223739381Z [err]  sqlalchemy.exc.InternalError: (psycopg2.errors.InFailedSqlTransaction) current transaction is aborted, commands ignored until end of transaction block
2025-12-24T04:21:48.223739788Z [err]    File "/opt/venv/lib/python3.12/site-packages/sqlalchemy/engine/base.py", line 1986, in _exec_single_context
2025-12-24T04:21:48.223745905Z [err]      self._handle_dbapi_exception(
2025-12-24T04:21:48.223748880Z [err]  
2025-12-24T04:21:48.223751202Z [err]    File "/opt/venv/lib/python3.12/site-packages/sqlalchemy/engine/base.py", line 2363, in _handle_dbapi_exception
2025-12-24T04:21:48.223756048Z [err]      raise sqlalchemy_exception.with_traceback(exc_info[2]) from e
2025-12-24T04:21:48.223759037Z [err]  [SQL: SELECT groups.id AS groups_id, groups.store_id AS groups_store_id, groups.menu_id AS groups_menu_id, groups.owner_id AS groups_owner_id, groups.branch_id AS groups_branch_id, groups.name AS groups_name, groups.note AS groups_note, groups.category AS groups_category, groups.deadline AS groups_deadline, groups.is_closed AS groups_is_closed, groups.default_sugar AS groups_default_sugar, groups.default_ice AS groups_default_ice, groups.lock_sugar AS groups_lock_sugar, groups.lock_ice AS groups_lock_ice, groups.created_at AS groups_created_at, stores_1.id AS stores_1_id, stores_1.name AS stores_1_name, stores_1.category AS stores_1_category, stores_1.logo_url AS stores_1_logo_url, stores_1.phone AS stores_1_phone, stores_1.branch AS stores_1_branch, stores_1.is_active AS stores_1_is_active, stores_1.created_at AS stores_1_created_at, users_1.id AS users_1_id, users_1.line_user_id AS users_1_line_user_id, users_1.display_name AS users_1_display_name, users_1.nickname AS users_1_nickname, users_1.picture_url AS users_1_picture_url, users_1.is_admin AS users_1_is_admin, users_1.created_at AS users_1_created_at, users_1.last_login_at AS users_1_last_login_at, users_1.last_active_at AS users_1_last_active_at 
2025-12-24T04:21:48.223768920Z [err]    File "/opt/venv/lib/python3.12/site-packages/sqlalchemy/engine/base.py", line 1967, in _exec_single_context
2025-12-24T04:21:48.224209730Z [err]  FROM groups LEFT OUTER JOIN stores AS stores_1 ON stores_1.id = groups.store_id LEFT OUTER JOIN users AS users_1 ON users_1.id = groups.owner_id 
2025-12-24T04:21:48.224214197Z [err]  WHERE groups.is_closed = true OR groups.deadline <= %(deadline_1)s ORDER BY groups.deadline DESC 
2025-12-24T04:21:48.224218187Z [err]   LIMIT %(param_1)s]
2025-12-24T04:21:48.224221848Z [err]  [parameters: {'deadline_1': datetime.datetime(2025, 12, 24, 4, 21, 48, 157216), 'param_1': 10}]
2025-12-24T04:21:48.224225421Z [err]  (Background on this error at: https://sqlalche.me/e/20/2j85)